<!DOCTYPE html>
<html>
  <head>
    <meta charset="utf-8"/>
    <title id="head-title">report.html</title>
      <style type="text/css">body {
  font-family: Helvetica, Arial, sans-serif;
  font-size: 12px;
  /* do not increase min-width as some may use split screens */
  min-width: 800px;
  color: #999;
}

h1 {
  font-size: 24px;
  color: black;
}

h2 {
  font-size: 16px;
  color: black;
}

p {
  color: black;
}

a {
  color: #999;
}

table {
  border-collapse: collapse;
}

/******************************
 * SUMMARY INFORMATION
 ******************************/
#environment td {
  padding: 5px;
  border: 1px solid #e6e6e6;
  vertical-align: top;
}
#environment tr:nth-child(odd) {
  background-color: #f6f6f6;
}
#environment ul {
  margin: 0;
  padding: 0 20px;
}

/******************************
 * TEST RESULT COLORS
 ******************************/
span.passed,
.passed .col-result {
  color: green;
}

span.skipped,
span.xfailed,
span.rerun,
.skipped .col-result,
.xfailed .col-result,
.rerun .col-result {
  color: orange;
}

span.error,
span.failed,
span.xpassed,
.error .col-result,
.failed .col-result,
.xpassed .col-result {
  color: red;
}

.col-links__extra {
  margin-right: 3px;
}

/******************************
 * RESULTS TABLE
 *
 * 1. Table Layout
 * 2. Extra
 * 3. Sorting items
 *
 ******************************/
/*------------------
 * 1. Table Layout
 *------------------*/
#results-table {
  border: 1px solid #e6e6e6;
  color: #999;
  font-size: 12px;
  width: 100%;
}
#results-table th,
#results-table td {
  padding: 5px;
  border: 1px solid #e6e6e6;
  text-align: left;
}
#results-table th {
  font-weight: bold;
}

/*------------------
 * 2. Extra
 *------------------*/
.logwrapper {
  max-height: 230px;
  overflow-y: scroll;
  background-color: #e6e6e6;
}
.logwrapper.expanded {
  max-height: none;
}
.logwrapper.expanded .logexpander:after {
  content: "collapse [-]";
}
.logwrapper .logexpander {
  z-index: 1;
  position: sticky;
  top: 10px;
  width: max-content;
  border: 1px solid;
  border-radius: 3px;
  padding: 5px 7px;
  margin: 10px 0 10px calc(100% - 80px);
  cursor: pointer;
  background-color: #e6e6e6;
}
.logwrapper .logexpander:after {
  content: "expand [+]";
}
.logwrapper .logexpander:hover {
  color: #000;
  border-color: #000;
}
.logwrapper .log {
  min-height: 40px;
  position: relative;
  top: -50px;
  height: calc(100% + 50px);
  border: 1px solid #e6e6e6;
  color: black;
  display: block;
  font-family: "Courier New", Courier, monospace;
  padding: 5px;
  padding-right: 80px;
  white-space: pre-wrap;
}

div.media {
  border: 1px solid #e6e6e6;
  float: right;
  height: 240px;
  margin: 0 5px;
  overflow: hidden;
  width: 320px;
}

.media-container {
  display: grid;
  grid-template-columns: 25px auto 25px;
  align-items: center;
  flex: 1 1;
  overflow: hidden;
  height: 200px;
}

.media-container--fullscreen {
  grid-template-columns: 0px auto 0px;
}

.media-container__nav--right,
.media-container__nav--left {
  text-align: center;
  cursor: pointer;
}

.media-container__viewport {
  cursor: pointer;
  text-align: center;
  height: inherit;
}
.media-container__viewport img,
.media-container__viewport video {
  object-fit: cover;
  width: 100%;
  max-height: 100%;
}

.media__name,
.media__counter {
  display: flex;
  flex-direction: row;
  justify-content: space-around;
  flex: 0 0 25px;
  align-items: center;
}

.collapsible td:not(.col-links) {
  cursor: pointer;
}
.collapsible td:not(.col-links):hover::after {
  color: #bbb;
  font-style: italic;
  cursor: pointer;
}

.col-result {
  width: 130px;
}
.col-result:hover::after {
  content: " (hide details)";
}

.col-result.collapsed:hover::after {
  content: " (show details)";
}

#environment-header h2:hover::after {
  content: " (hide details)";
  color: #bbb;
  font-style: italic;
  cursor: pointer;
  font-size: 12px;
}

#environment-header.collapsed h2:hover::after {
  content: " (show details)";
  color: #bbb;
  font-style: italic;
  cursor: pointer;
  font-size: 12px;
}

/*------------------
 * 3. Sorting items
 *------------------*/
.sortable {
  cursor: pointer;
}
.sortable.desc:after {
  content: " ";
  position: relative;
  left: 5px;
  bottom: -12.5px;
  border: 10px solid #4caf50;
  border-bottom: 0;
  border-left-color: transparent;
  border-right-color: transparent;
}
.sortable.asc:after {
  content: " ";
  position: relative;
  left: 5px;
  bottom: 12.5px;
  border: 10px solid #4caf50;
  border-top: 0;
  border-left-color: transparent;
  border-right-color: transparent;
}

.hidden, .summary__reload__button.hidden {
  display: none;
}

.summary__data {
  flex: 0 0 550px;
}
.summary__reload {
  flex: 1 1;
  display: flex;
  justify-content: center;
}
.summary__reload__button {
  flex: 0 0 300px;
  display: flex;
  color: white;
  font-weight: bold;
  background-color: #4caf50;
  text-align: center;
  justify-content: center;
  align-items: center;
  border-radius: 3px;
  cursor: pointer;
}
.summary__reload__button:hover {
  background-color: #46a049;
}
.summary__spacer {
  flex: 0 0 550px;
}

.controls {
  display: flex;
  justify-content: space-between;
}

.filters,
.collapse {
  display: flex;
  align-items: center;
}
.filters button,
.collapse button {
  color: #999;
  border: none;
  background: none;
  cursor: pointer;
  text-decoration: underline;
}
.filters button:hover,
.collapse button:hover {
  color: #ccc;
}

.filter__label {
  margin-right: 10px;
}

      </style>
    
  </head>
  <body>
    <h1 id="title">report.html</h1>
    <p>Report generated on 12-Feb-2025 at 03:11:43 by <a href="https://pypi.python.org/pypi/pytest-html">pytest-html</a>
        v4.1.1</p>
    <div id="environment-header">
      <h2>Environment</h2>
    </div>
    <table id="environment"></table>
    <!-- TEMPLATES -->
      <template id="template_environment_row">
      <tr>
        <td></td>
        <td></td>
      </tr>
    </template>
    <template id="template_results-table__body--empty">
      <tbody class="results-table-row">
        <tr id="not-found-message">
          <td colspan="4">No results found. Check the filters.</th>
        </tr>
    </template>
    <template id="template_results-table__tbody">
      <tbody class="results-table-row">
        <tr class="collapsible">
        </tr>
        <tr class="extras-row">
          <td class="extra" colspan="4">
            <div class="extraHTML"></div>
            <div class="media">
              <div class="media-container">
                  <div class="media-container__nav--left"><</div>
                  <div class="media-container__viewport">
                    <img src="" />
                    <video controls>
                      <source src="" type="video/mp4">
                    </video>
                  </div>
                  <div class="media-container__nav--right">></div>
                </div>
                <div class="media__name"></div>
                <div class="media__counter"></div>
            </div>
            <div class="logwrapper">
              <div class="logexpander"></div>
              <div class="log"></div>
            </div>
          </td>
        </tr>
      </tbody>
    </template>
    <!-- END TEMPLATES -->
    <div class="summary">
      <div class="summary__data">
        <h2>Summary</h2>
        <div class="additional-summary prefix">
        </div>
        <p class="run-count">89 tests took 00:00:01.</p>
        <p class="filter">(Un)check the boxes to filter the results.</p>
        <div class="summary__reload">
          <div class="summary__reload__button hidden" onclick="location.reload()">
            <div>There are still tests running. <br />Reload this page to get the latest results!</div>
          </div>
        </div>
        <div class="summary__spacer"></div>
        <div class="controls">
          <div class="filters">
            <input checked="true" class="filter" name="filter_checkbox" type="checkbox" data-test-result="failed" />
            <span class="failed">12 Failed,</span>
            <input checked="true" class="filter" name="filter_checkbox" type="checkbox" data-test-result="passed" />
            <span class="passed">77 Passed,</span>
            <input checked="true" class="filter" name="filter_checkbox" type="checkbox" data-test-result="skipped" disabled/>
            <span class="skipped">0 Skipped,</span>
            <input checked="true" class="filter" name="filter_checkbox" type="checkbox" data-test-result="xfailed" disabled/>
            <span class="xfailed">0 Expected failures,</span>
            <input checked="true" class="filter" name="filter_checkbox" type="checkbox" data-test-result="xpassed" disabled/>
            <span class="xpassed">0 Unexpected passes,</span>
            <input checked="true" class="filter" name="filter_checkbox" type="checkbox" data-test-result="error" />
            <span class="error">20 Errors,</span>
            <input checked="true" class="filter" name="filter_checkbox" type="checkbox" data-test-result="rerun" disabled/>
            <span class="rerun">0 Reruns</span>
          </div>
          <div class="collapse">
            <button id="show_all_details">Show all details</button>&nbsp;/&nbsp;<button id="hide_all_details">Hide all details</button>
          </div>
        </div>
      </div>
      <div class="additional-summary summary">
      </div>
      <div class="additional-summary postfix">
      </div>
    </div>
    <table id="results-table">
      <thead id="results-table-head">
        <tr>
          <th class="sortable" data-column-type="result">Result</th>
          <th class="sortable" data-column-type="testId">Test</th>
          <th class="sortable" data-column-type="duration">Duration</th>
          <th>Links</th>
        </tr>
      </thead>
    </table>
  </body>
  <footer>
    <div id="data-container" data-jsonblob="{&#34;environment&#34;: {&#34;Python&#34;: &#34;3.10.16&#34;, &#34;Platform&#34;: &#34;Linux-6.11.0-9-generic-x86_64-with-glibc2.36&#34;, &#34;Packages&#34;: {&#34;pytest&#34;: &#34;8.3.4&#34;, &#34;pluggy&#34;: &#34;1.5.0&#34;}, &#34;Plugins&#34;: {&#34;metadata&#34;: &#34;3.1.1&#34;, &#34;html&#34;: &#34;4.1.1&#34;, &#34;xdist&#34;: &#34;3.6.1&#34;, &#34;asyncio&#34;: &#34;0.25.3&#34;, &#34;timeout&#34;: &#34;2.3.1&#34;, &#34;cov&#34;: &#34;6.0.0&#34;, &#34;anyio&#34;: &#34;4.8.0&#34;, &#34;mock&#34;: &#34;3.14.0&#34;}}, &#34;tests&#34;: {&#34;tests/anarchy_copilot/api/test_app.py::test_app_initialization&#34;: [{&#34;extras&#34;: [], &#34;result&#34;: &#34;Passed&#34;, &#34;testId&#34;: &#34;tests/anarchy_copilot/api/test_app.py::test_app_initialization&#34;, &#34;duration&#34;: &#34;63 ms&#34;, &#34;resultsTableRow&#34;: [&#34;&lt;td class=\&#34;col-result\&#34;&gt;Passed&lt;/td&gt;&#34;, &#34;&lt;td class=\&#34;col-testId\&#34;&gt;tests/anarchy_copilot/api/test_app.py::test_app_initialization&lt;/td&gt;&#34;, &#34;&lt;td class=\&#34;col-duration\&#34;&gt;63 ms&lt;/td&gt;&#34;, &#34;&lt;td class=\&#34;col-links\&#34;&gt;&lt;/td&gt;&#34;], &#34;log&#34;: &#34;No log output captured.&#34;}], &#34;tests/anarchy_copilot/api/test_app.py::test_cors_configuration&#34;: [{&#34;extras&#34;: [], &#34;result&#34;: &#34;Failed&#34;, &#34;testId&#34;: &#34;tests/anarchy_copilot/api/test_app.py::test_cors_configuration&#34;, &#34;duration&#34;: &#34;4 ms&#34;, &#34;resultsTableRow&#34;: [&#34;&lt;td class=\&#34;col-result\&#34;&gt;Failed&lt;/td&gt;&#34;, &#34;&lt;td class=\&#34;col-testId\&#34;&gt;tests/anarchy_copilot/api/test_app.py::test_cors_configuration&lt;/td&gt;&#34;, &#34;&lt;td class=\&#34;col-duration\&#34;&gt;4 ms&lt;/td&gt;&#34;, &#34;&lt;td class=\&#34;col-links\&#34;&gt;&lt;/td&gt;&#34;], &#34;log&#34;: &#34;def test_cors_configuration():\n        &amp;quot;&amp;quot;&amp;quot;Test that CORS is properly configured.&amp;quot;&amp;quot;&amp;quot;\n        client = TestClient(app)\n    \n        # Test CORS headers\n        response = client.options(&amp;quot;/&amp;quot;, headers={\n            &amp;quot;Origin&amp;quot;: &amp;quot;http://localhost:3000&amp;quot;,\n            &amp;quot;Access-Control-Request-Method&amp;quot;: &amp;quot;POST&amp;quot;,\n        })\n        assert response.status_code == 200\n        assert &amp;quot;access-control-allow-origin&amp;quot; in response.headers\n&amp;gt;       assert response.headers[&amp;quot;access-control-allow-origin&amp;quot;] == &amp;quot;*&amp;quot;\nE       AssertionError: assert &amp;#x27;http://localhost:3000&amp;#x27; == &amp;#x27;*&amp;#x27;\nE         \nE         - *\nE         + http://localhost:3000\n\ntests/anarchy_copilot/api/test_app.py:32: AssertionError\n&#34;}], &#34;tests/anarchy_copilot/api/test_app.py::test_health_endpoint&#34;: [{&#34;extras&#34;: [], &#34;result&#34;: &#34;Passed&#34;, &#34;testId&#34;: &#34;tests/anarchy_copilot/api/test_app.py::test_health_endpoint&#34;, &#34;duration&#34;: &#34;60 ms&#34;, &#34;resultsTableRow&#34;: [&#34;&lt;td class=\&#34;col-result\&#34;&gt;Passed&lt;/td&gt;&#34;, &#34;&lt;td class=\&#34;col-testId\&#34;&gt;tests/anarchy_copilot/api/test_app.py::test_health_endpoint&lt;/td&gt;&#34;, &#34;&lt;td class=\&#34;col-duration\&#34;&gt;60 ms&lt;/td&gt;&#34;, &#34;&lt;td class=\&#34;col-links\&#34;&gt;&lt;/td&gt;&#34;], &#34;log&#34;: &#34;No log output captured.&#34;}], &#34;tests/anarchy_copilot/api/test_app.py::test_proxy_endpoints&#34;: [{&#34;extras&#34;: [], &#34;result&#34;: &#34;Failed&#34;, &#34;testId&#34;: &#34;tests/anarchy_copilot/api/test_app.py::test_proxy_endpoints&#34;, &#34;duration&#34;: &#34;4 ms&#34;, &#34;resultsTableRow&#34;: [&#34;&lt;td class=\&#34;col-result\&#34;&gt;Failed&lt;/td&gt;&#34;, &#34;&lt;td class=\&#34;col-testId\&#34;&gt;tests/anarchy_copilot/api/test_app.py::test_proxy_endpoints&lt;/td&gt;&#34;, &#34;&lt;td class=\&#34;col-duration\&#34;&gt;4 ms&lt;/td&gt;&#34;, &#34;&lt;td class=\&#34;col-links\&#34;&gt;&lt;/td&gt;&#34;], &#34;log&#34;: &#34;def test_proxy_endpoints():\n        &amp;quot;&amp;quot;&amp;quot;Test that proxy endpoints are registered.&amp;quot;&amp;quot;&amp;quot;\n        client = TestClient(app)\n    \n        # Test proxy status endpoint\n        response = client.get(&amp;quot;/api/proxy/status&amp;quot;)\n&amp;gt;       assert response.status_code == 200\nE       assert 404 == 200\nE        +  where 404 = &amp;lt;Response [404 Not Found]&amp;gt;.status_code\n\ntests/anarchy_copilot/api/test_app.py:48: AssertionError\n&#34;}], &#34;tests/anarchy_copilot/api/test_app.py::test_shutdown_handler&#34;: [{&#34;extras&#34;: [], &#34;result&#34;: &#34;Passed&#34;, &#34;testId&#34;: &#34;tests/anarchy_copilot/api/test_app.py::test_shutdown_handler&#34;, &#34;duration&#34;: &#34;5 ms&#34;, &#34;resultsTableRow&#34;: [&#34;&lt;td class=\&#34;col-result\&#34;&gt;Passed&lt;/td&gt;&#34;, &#34;&lt;td class=\&#34;col-testId\&#34;&gt;tests/anarchy_copilot/api/test_app.py::test_shutdown_handler&lt;/td&gt;&#34;, &#34;&lt;td class=\&#34;col-duration\&#34;&gt;5 ms&lt;/td&gt;&#34;, &#34;&lt;td class=\&#34;col-links\&#34;&gt;&lt;/td&gt;&#34;], &#34;log&#34;: &#34;No log output captured.&#34;}], &#34;tests/anarchy_copilot/api/test_app.py::test_api_versioning&#34;: [{&#34;extras&#34;: [], &#34;result&#34;: &#34;Passed&#34;, &#34;testId&#34;: &#34;tests/anarchy_copilot/api/test_app.py::test_api_versioning&#34;, &#34;duration&#34;: &#34;5 ms&#34;, &#34;resultsTableRow&#34;: [&#34;&lt;td class=\&#34;col-result\&#34;&gt;Passed&lt;/td&gt;&#34;, &#34;&lt;td class=\&#34;col-testId\&#34;&gt;tests/anarchy_copilot/api/test_app.py::test_api_versioning&lt;/td&gt;&#34;, &#34;&lt;td class=\&#34;col-duration\&#34;&gt;5 ms&lt;/td&gt;&#34;, &#34;&lt;td class=\&#34;col-links\&#34;&gt;&lt;/td&gt;&#34;], &#34;log&#34;: &#34;No log output captured.&#34;}], &#34;tests/anarchy_copilot/api/test_app.py::test_route_protection&#34;: [{&#34;extras&#34;: [], &#34;result&#34;: &#34;Failed&#34;, &#34;testId&#34;: &#34;tests/anarchy_copilot/api/test_app.py::test_route_protection&#34;, &#34;duration&#34;: &#34;5 ms&#34;, &#34;resultsTableRow&#34;: [&#34;&lt;td class=\&#34;col-result\&#34;&gt;Failed&lt;/td&gt;&#34;, &#34;&lt;td class=\&#34;col-testId\&#34;&gt;tests/anarchy_copilot/api/test_app.py::test_route_protection&lt;/td&gt;&#34;, &#34;&lt;td class=\&#34;col-duration\&#34;&gt;5 ms&lt;/td&gt;&#34;, &#34;&lt;td class=\&#34;col-links\&#34;&gt;&lt;/td&gt;&#34;], &#34;log&#34;: &#34;def test_route_protection():\n        &amp;quot;&amp;quot;&amp;quot;Test that sensitive routes are protected.&amp;quot;&amp;quot;&amp;quot;\n        client = TestClient(app)\n    \n        # Test proxy management endpoints require authentication (TODO)\n        sensitive_endpoints = [\n            (&amp;quot;/api/proxy/start&amp;quot;, &amp;quot;POST&amp;quot;),\n            (&amp;quot;/api/proxy/stop&amp;quot;, &amp;quot;POST&amp;quot;),\n            (&amp;quot;/api/proxy/settings&amp;quot;, &amp;quot;POST&amp;quot;),\n        ]\n    \n        for endpoint, method in sensitive_endpoints:\n            response = client.request(method, endpoint)\n            # Currently returns 400 because proxy is not running\n            # TODO: Add authentication and test 401 responses\n&amp;gt;           assert response.status_code in (400, 401)\nE           assert 404 in (400, 401)\nE            +  where 404 = &amp;lt;Response [404 Not Found]&amp;gt;.status_code\n\ntests/anarchy_copilot/api/test_app.py:87: AssertionError\n&#34;}], &#34;tests/anarchy_copilot/api/test_app.py::test_error_handling&#34;: [{&#34;extras&#34;: [], &#34;result&#34;: &#34;Passed&#34;, &#34;testId&#34;: &#34;tests/anarchy_copilot/api/test_app.py::test_error_handling&#34;, &#34;duration&#34;: &#34;8 ms&#34;, &#34;resultsTableRow&#34;: [&#34;&lt;td class=\&#34;col-result\&#34;&gt;Passed&lt;/td&gt;&#34;, &#34;&lt;td class=\&#34;col-testId\&#34;&gt;tests/anarchy_copilot/api/test_app.py::test_error_handling&lt;/td&gt;&#34;, &#34;&lt;td class=\&#34;col-duration\&#34;&gt;8 ms&lt;/td&gt;&#34;, &#34;&lt;td class=\&#34;col-links\&#34;&gt;&lt;/td&gt;&#34;], &#34;log&#34;: &#34;No log output captured.&#34;}], &#34;tests/anarchy_copilot/api/test_health.py::test_get_system_status&#34;: [{&#34;extras&#34;: [], &#34;result&#34;: &#34;Passed&#34;, &#34;testId&#34;: &#34;tests/anarchy_copilot/api/test_health.py::test_get_system_status&#34;, &#34;duration&#34;: &#34;2 ms&#34;, &#34;resultsTableRow&#34;: [&#34;&lt;td class=\&#34;col-result\&#34;&gt;Passed&lt;/td&gt;&#34;, &#34;&lt;td class=\&#34;col-testId\&#34;&gt;tests/anarchy_copilot/api/test_health.py::test_get_system_status&lt;/td&gt;&#34;, &#34;&lt;td class=\&#34;col-duration\&#34;&gt;2 ms&lt;/td&gt;&#34;, &#34;&lt;td class=\&#34;col-links\&#34;&gt;&lt;/td&gt;&#34;], &#34;log&#34;: &#34;No log output captured.&#34;}], &#34;tests/anarchy_copilot/api/test_health.py::test_get_application_status&#34;: [{&#34;extras&#34;: [], &#34;result&#34;: &#34;Passed&#34;, &#34;testId&#34;: &#34;tests/anarchy_copilot/api/test_health.py::test_get_application_status&#34;, &#34;duration&#34;: &#34;2 ms&#34;, &#34;resultsTableRow&#34;: [&#34;&lt;td class=\&#34;col-result\&#34;&gt;Passed&lt;/td&gt;&#34;, &#34;&lt;td class=\&#34;col-testId\&#34;&gt;tests/anarchy_copilot/api/test_health.py::test_get_application_status&lt;/td&gt;&#34;, &#34;&lt;td class=\&#34;col-duration\&#34;&gt;2 ms&lt;/td&gt;&#34;, &#34;&lt;td class=\&#34;col-links\&#34;&gt;&lt;/td&gt;&#34;], &#34;log&#34;: &#34;No log output captured.&#34;}], &#34;tests/anarchy_copilot/api/test_health.py::test_check_dependencies&#34;: [{&#34;extras&#34;: [], &#34;result&#34;: &#34;Passed&#34;, &#34;testId&#34;: &#34;tests/anarchy_copilot/api/test_health.py::test_check_dependencies&#34;, &#34;duration&#34;: &#34;1 ms&#34;, &#34;resultsTableRow&#34;: [&#34;&lt;td class=\&#34;col-result\&#34;&gt;Passed&lt;/td&gt;&#34;, &#34;&lt;td class=\&#34;col-testId\&#34;&gt;tests/anarchy_copilot/api/test_health.py::test_check_dependencies&lt;/td&gt;&#34;, &#34;&lt;td class=\&#34;col-duration\&#34;&gt;1 ms&lt;/td&gt;&#34;, &#34;&lt;td class=\&#34;col-links\&#34;&gt;&lt;/td&gt;&#34;], &#34;log&#34;: &#34;No log output captured.&#34;}], &#34;tests/anarchy_copilot/api/test_health.py::test_health_check_endpoint&#34;: [{&#34;extras&#34;: [], &#34;result&#34;: &#34;Passed&#34;, &#34;testId&#34;: &#34;tests/anarchy_copilot/api/test_health.py::test_health_check_endpoint&#34;, &#34;duration&#34;: &#34;15 ms&#34;, &#34;resultsTableRow&#34;: [&#34;&lt;td class=\&#34;col-result\&#34;&gt;Passed&lt;/td&gt;&#34;, &#34;&lt;td class=\&#34;col-testId\&#34;&gt;tests/anarchy_copilot/api/test_health.py::test_health_check_endpoint&lt;/td&gt;&#34;, &#34;&lt;td class=\&#34;col-duration\&#34;&gt;15 ms&lt;/td&gt;&#34;, &#34;&lt;td class=\&#34;col-links\&#34;&gt;&lt;/td&gt;&#34;], &#34;log&#34;: &#34;No log output captured.&#34;}], &#34;tests/anarchy_copilot/api/test_health.py::test_detailed_health_check_endpoint&#34;: [{&#34;extras&#34;: [], &#34;result&#34;: &#34;Passed&#34;, &#34;testId&#34;: &#34;tests/anarchy_copilot/api/test_health.py::test_detailed_health_check_endpoint&#34;, &#34;duration&#34;: &#34;15 ms&#34;, &#34;resultsTableRow&#34;: [&#34;&lt;td class=\&#34;col-result\&#34;&gt;Passed&lt;/td&gt;&#34;, &#34;&lt;td class=\&#34;col-testId\&#34;&gt;tests/anarchy_copilot/api/test_health.py::test_detailed_health_check_endpoint&lt;/td&gt;&#34;, &#34;&lt;td class=\&#34;col-duration\&#34;&gt;15 ms&lt;/td&gt;&#34;, &#34;&lt;td class=\&#34;col-links\&#34;&gt;&lt;/td&gt;&#34;], &#34;log&#34;: &#34;No log output captured.&#34;}], &#34;tests/anarchy_copilot/api/test_health.py::test_kubernetes_probe_endpoints&#34;: [{&#34;extras&#34;: [], &#34;result&#34;: &#34;Passed&#34;, &#34;testId&#34;: &#34;tests/anarchy_copilot/api/test_health.py::test_kubernetes_probe_endpoints&#34;, &#34;duration&#34;: &#34;20 ms&#34;, &#34;resultsTableRow&#34;: [&#34;&lt;td class=\&#34;col-result\&#34;&gt;Passed&lt;/td&gt;&#34;, &#34;&lt;td class=\&#34;col-testId\&#34;&gt;tests/anarchy_copilot/api/test_health.py::test_kubernetes_probe_endpoints&lt;/td&gt;&#34;, &#34;&lt;td class=\&#34;col-duration\&#34;&gt;20 ms&lt;/td&gt;&#34;, &#34;&lt;td class=\&#34;col-links\&#34;&gt;&lt;/td&gt;&#34;], &#34;log&#34;: &#34;No log output captured.&#34;}], &#34;tests/anarchy_copilot/api/test_health.py::test_health_check_concurrency&#34;: [{&#34;extras&#34;: [], &#34;result&#34;: &#34;Failed&#34;, &#34;testId&#34;: &#34;tests/anarchy_copilot/api/test_health.py::test_health_check_concurrency&#34;, &#34;duration&#34;: &#34;5 ms&#34;, &#34;resultsTableRow&#34;: [&#34;&lt;td class=\&#34;col-result\&#34;&gt;Failed&lt;/td&gt;&#34;, &#34;&lt;td class=\&#34;col-testId\&#34;&gt;tests/anarchy_copilot/api/test_health.py::test_health_check_concurrency&lt;/td&gt;&#34;, &#34;&lt;td class=\&#34;col-duration\&#34;&gt;5 ms&lt;/td&gt;&#34;, &#34;&lt;td class=\&#34;col-links\&#34;&gt;&lt;/td&gt;&#34;], &#34;log&#34;: &#34;@pytest.mark.asyncio\n    async def test_health_check_concurrency():\n        &amp;quot;&amp;quot;&amp;quot;Test health check endpoints under concurrent access.&amp;quot;&amp;quot;&amp;quot;\n        import asyncio\n        from httpx import AsyncClient\n        from fastapi import FastAPI\n    \n        app = FastAPI()\n        app.include_router(router)\n    \n&amp;gt;       async with AsyncClient(app=app, base_url=&amp;quot;http://test&amp;quot;) as client:\nE       TypeError: AsyncClient.__init__() got an unexpected keyword argument &amp;#x27;app&amp;#x27;\n\ntests/anarchy_copilot/api/test_health.py:155: TypeError\n&#34;}], &#34;tests/anarchy_copilot/api/test_health.py::test_health_endpoints_error_handling[/health]&#34;: [{&#34;extras&#34;: [], &#34;result&#34;: &#34;Passed&#34;, &#34;testId&#34;: &#34;tests/anarchy_copilot/api/test_health.py::test_health_endpoints_error_handling[/health]&#34;, &#34;duration&#34;: &#34;74 ms&#34;, &#34;resultsTableRow&#34;: [&#34;&lt;td class=\&#34;col-result\&#34;&gt;Passed&lt;/td&gt;&#34;, &#34;&lt;td class=\&#34;col-testId\&#34;&gt;tests/anarchy_copilot/api/test_health.py::test_health_endpoints_error_handling[/health]&lt;/td&gt;&#34;, &#34;&lt;td class=\&#34;col-duration\&#34;&gt;74 ms&lt;/td&gt;&#34;, &#34;&lt;td class=\&#34;col-links\&#34;&gt;&lt;/td&gt;&#34;], &#34;log&#34;: &#34;No log output captured.&#34;}], &#34;tests/anarchy_copilot/api/test_health.py::test_health_endpoints_error_handling[/health/details]&#34;: [{&#34;extras&#34;: [], &#34;result&#34;: &#34;Failed&#34;, &#34;testId&#34;: &#34;tests/anarchy_copilot/api/test_health.py::test_health_endpoints_error_handling[/health/details]&#34;, &#34;duration&#34;: &#34;66 ms&#34;, &#34;resultsTableRow&#34;: [&#34;&lt;td class=\&#34;col-result\&#34;&gt;Failed&lt;/td&gt;&#34;, &#34;&lt;td class=\&#34;col-testId\&#34;&gt;tests/anarchy_copilot/api/test_health.py::test_health_endpoints_error_handling[/health/details]&lt;/td&gt;&#34;, &#34;&lt;td class=\&#34;col-duration\&#34;&gt;66 ms&lt;/td&gt;&#34;, &#34;&lt;td class=\&#34;col-links\&#34;&gt;&lt;/td&gt;&#34;], &#34;log&#34;: &#34;test_client = &amp;lt;starlette.testclient.TestClient object at 0x76a3c6617e50&amp;gt;\nendpoint = &amp;#x27;/health/details&amp;#x27;\n\n    @pytest.mark.parametrize(&amp;quot;endpoint&amp;quot;, [\n        &amp;quot;/health&amp;quot;,\n        &amp;quot;/health/details&amp;quot;,\n        &amp;quot;/health/live&amp;quot;,\n        &amp;quot;/health/ready&amp;quot;\n    ])\n    def test_health_endpoints_error_handling(test_client, endpoint):\n        &amp;quot;&amp;quot;&amp;quot;Test error handling in health check endpoints.&amp;quot;&amp;quot;&amp;quot;\n        with patch(&amp;quot;psutil.virtual_memory&amp;quot;, side_effect=Exception(&amp;quot;Test error&amp;quot;)):\n&amp;gt;           response = test_client.get(endpoint)\n\ntests/anarchy_copilot/api/test_health.py:176: \n_ _ _ _ _ _ _ _ _ _ _ _ _ _ _ _ _ _ _ _ _ _ _ _ _ _ _ _ _ _ _ _ _ _ _ _ _ _ _ _ \n/usr/local/lib/python3.10/site-packages/starlette/testclient.py:458: in get\n    return super().get(\n/usr/local/lib/python3.10/site-packages/httpx/_client.py:1053: in get\n    return self.request(\n/usr/local/lib/python3.10/site-packages/starlette/testclient.py:430: in request\n    return super().request(\n/usr/local/lib/python3.10/site-packages/httpx/_client.py:825: in request\n    return self.send(request, auth=auth, follow_redirects=follow_redirects)\n/usr/local/lib/python3.10/site-packages/httpx/_client.py:914: in send\n    response = self._send_handling_auth(\n/usr/local/lib/python3.10/site-packages/httpx/_client.py:942: in _send_handling_auth\n    response = self._send_handling_redirects(\n/usr/local/lib/python3.10/site-packages/httpx/_client.py:979: in _send_handling_redirects\n    response = self._send_single_request(request)\n/usr/local/lib/python3.10/site-packages/httpx/_client.py:1014: in _send_single_request\n    response = transport.handle_request(request)\n/usr/local/lib/python3.10/site-packages/starlette/testclient.py:339: in handle_request\n    raise exc\n/usr/local/lib/python3.10/site-packages/starlette/testclient.py:336: in handle_request\n    portal.call(self.app, scope, receive, send)\n/usr/local/lib/python3.10/site-packages/anyio/from_thread.py:290: in call\n    return cast(T_Retval, self.start_task_soon(func, *args).result())\n/usr/local/lib/python3.10/concurrent/futures/_base.py:458: in result\n    return self.__get_result()\n/usr/local/lib/python3.10/concurrent/futures/_base.py:403: in __get_result\n    raise self._exception\n/usr/local/lib/python3.10/site-packages/anyio/from_thread.py:221: in _call_func\n    retval = await retval_or_awaitable\n/usr/local/lib/python3.10/site-packages/fastapi/applications.py:1054: in __call__\n    await super().__call__(scope, receive, send)\n/usr/local/lib/python3.10/site-packages/starlette/applications.py:112: in __call__\n    await self.middleware_stack(scope, receive, send)\n/usr/local/lib/python3.10/site-packages/starlette/middleware/errors.py:187: in __call__\n    raise exc\n/usr/local/lib/python3.10/site-packages/starlette/middleware/errors.py:165: in __call__\n    await self.app(scope, receive, _send)\n/usr/local/lib/python3.10/site-packages/starlette/middleware/exceptions.py:62: in __call__\n    await wrap_app_handling_exceptions(self.app, conn)(scope, receive, send)\n/usr/local/lib/python3.10/site-packages/starlette/_exception_handler.py:53: in wrapped_app\n    raise exc\n/usr/local/lib/python3.10/site-packages/starlette/_exception_handler.py:42: in wrapped_app\n    await app(scope, receive, sender)\n/usr/local/lib/python3.10/site-packages/starlette/routing.py:715: in __call__\n    await self.middleware_stack(scope, receive, send)\n/usr/local/lib/python3.10/site-packages/starlette/routing.py:735: in app\n    await route.handle(scope, receive, send)\n/usr/local/lib/python3.10/site-packages/starlette/routing.py:288: in handle\n    await self.app(scope, receive, send)\n/usr/local/lib/python3.10/site-packages/starlette/routing.py:76: in app\n    await wrap_app_handling_exceptions(app, request)(scope, receive, send)\n/usr/local/lib/python3.10/site-packages/starlette/_exception_handler.py:53: in wrapped_app\n    raise exc\n/usr/local/lib/python3.10/site-packages/starlette/_exception_handler.py:42: in wrapped_app\n    await app(scope, receive, sender)\n/usr/local/lib/python3.10/site-packages/starlette/routing.py:73: in app\n    response = await f(request)\n/usr/local/lib/python3.10/site-packages/fastapi/routing.py:301: in app\n    raw_response = await run_endpoint_function(\n/usr/local/lib/python3.10/site-packages/fastapi/routing.py:212: in run_endpoint_function\n    return await dependant.call(**values)\napi/health.py:96: in detailed_health_check\n    &amp;quot;system&amp;quot;: get_system_status(),\napi/health.py:16: in get_system_status\n    memory = psutil.virtual_memory()\n/usr/local/lib/python3.10/unittest/mock.py:1114: in __call__\n    return self._mock_call(*args, **kwargs)\n/usr/local/lib/python3.10/unittest/mock.py:1118: in _mock_call\n    return self._execute_mock_call(*args, **kwargs)\n_ _ _ _ _ _ _ _ _ _ _ _ _ _ _ _ _ _ _ _ _ _ _ _ _ _ _ _ _ _ _ _ _ _ _ _ _ _ _ _ \n\nself = &amp;lt;MagicMock name=&amp;#x27;virtual_memory&amp;#x27; id=&amp;#x27;130445779833792&amp;#x27;&amp;gt;, args = ()\nkwargs = {}, effect = Exception(&amp;#x27;Test error&amp;#x27;)\n\n    def _execute_mock_call(self, /, *args, **kwargs):\n        # separate from _increment_mock_call so that awaited functions are\n        # executed separately from their call, also AsyncMock overrides this method\n    \n        effect = self.side_effect\n        if effect is not None:\n            if _is_exception(effect):\n&amp;gt;               raise effect\nE               Exception: Test error\n\n/usr/local/lib/python3.10/unittest/mock.py:1173: Exception\n&#34;}], &#34;tests/anarchy_copilot/api/test_health.py::test_health_endpoints_error_handling[/health/live]&#34;: [{&#34;extras&#34;: [], &#34;result&#34;: &#34;Passed&#34;, &#34;testId&#34;: &#34;tests/anarchy_copilot/api/test_health.py::test_health_endpoints_error_handling[/health/live]&#34;, &#34;duration&#34;: &#34;7 ms&#34;, &#34;resultsTableRow&#34;: [&#34;&lt;td class=\&#34;col-result\&#34;&gt;Passed&lt;/td&gt;&#34;, &#34;&lt;td class=\&#34;col-testId\&#34;&gt;tests/anarchy_copilot/api/test_health.py::test_health_endpoints_error_handling[/health/live]&lt;/td&gt;&#34;, &#34;&lt;td class=\&#34;col-duration\&#34;&gt;7 ms&lt;/td&gt;&#34;, &#34;&lt;td class=\&#34;col-links\&#34;&gt;&lt;/td&gt;&#34;], &#34;log&#34;: &#34;No log output captured.&#34;}], &#34;tests/anarchy_copilot/api/test_health.py::test_health_endpoints_error_handling[/health/ready]&#34;: [{&#34;extras&#34;: [], &#34;result&#34;: &#34;Passed&#34;, &#34;testId&#34;: &#34;tests/anarchy_copilot/api/test_health.py::test_health_endpoints_error_handling[/health/ready]&#34;, &#34;duration&#34;: &#34;69 ms&#34;, &#34;resultsTableRow&#34;: [&#34;&lt;td class=\&#34;col-result\&#34;&gt;Passed&lt;/td&gt;&#34;, &#34;&lt;td class=\&#34;col-testId\&#34;&gt;tests/anarchy_copilot/api/test_health.py::test_health_endpoints_error_handling[/health/ready]&lt;/td&gt;&#34;, &#34;&lt;td class=\&#34;col-duration\&#34;&gt;69 ms&lt;/td&gt;&#34;, &#34;&lt;td class=\&#34;col-links\&#34;&gt;&lt;/td&gt;&#34;], &#34;log&#34;: &#34;No log output captured.&#34;}], &#34;tests/anarchy_copilot/api/test_proxy_api.py::test_get_proxy_status&#34;: [{&#34;extras&#34;: [], &#34;result&#34;: &#34;Error&#34;, &#34;testId&#34;: &#34;tests/anarchy_copilot/api/test_proxy_api.py::test_get_proxy_status::setup&#34;, &#34;duration&#34;: &#34;0 ms&#34;, &#34;resultsTableRow&#34;: [&#34;&lt;td class=\&#34;col-result\&#34;&gt;Error&lt;/td&gt;&#34;, &#34;&lt;td class=\&#34;col-testId\&#34;&gt;tests/anarchy_copilot/api/test_proxy_api.py::test_get_proxy_status::setup&lt;/td&gt;&#34;, &#34;&lt;td class=\&#34;col-duration\&#34;&gt;0 ms&lt;/td&gt;&#34;, &#34;&lt;td class=\&#34;col-links\&#34;&gt;&lt;/td&gt;&#34;], &#34;log&#34;: &#34;file /app/tests/anarchy_copilot/api/test_proxy_api.py, line 29\n  def test_get_proxy_status(test_client):\nE       fixture &amp;#x27;test_client&amp;#x27; not found\n&amp;gt;       available fixtures: _session_event_loop, anyio_backend, anyio_backend_name, anyio_backend_options, app, cache, capfd, capfdbinary, caplog, caplog_debug, capsys, capsysbinary, class_mocker, client, cov, doctest_namespace, dummy_config, event_loop, event_loop_policy, extra, extras, include_metadata_in_junit_xml, metadata, mock_datetime, mock_nuclei_response, mock_proxy_server, mock_scan_result, mock_time, mocker, module_mocker, monkeypatch, no_cover, package_mocker, pytestconfig, record_property, record_testsuite_property, record_xml_attribute, recwarn, session_mocker, temp_test_dir, test_data_dir, test_env, testrun_uid, tests/anarchy_copilot/api/test_proxy_api.py::&amp;lt;event_loop&amp;gt;, tests::&amp;lt;event_loop&amp;gt;, time_helper, tmp_path, tmp_path_factory, tmpdir, tmpdir_factory, unused_tcp_port, unused_tcp_port_factory, unused_udp_port, unused_udp_port_factory, worker_id\n&amp;gt;       use &amp;#x27;pytest --fixtures [testpath]&amp;#x27; for help on them.\n\n/app/tests/anarchy_copilot/api/test_proxy_api.py:29\n&#34;}], &#34;tests/anarchy_copilot/api/test_proxy_api.py::test_get_proxy_status_with_server&#34;: [{&#34;extras&#34;: [], &#34;result&#34;: &#34;Error&#34;, &#34;testId&#34;: &#34;tests/anarchy_copilot/api/test_proxy_api.py::test_get_proxy_status_with_server::setup&#34;, &#34;duration&#34;: &#34;0 ms&#34;, &#34;resultsTableRow&#34;: [&#34;&lt;td class=\&#34;col-result\&#34;&gt;Error&lt;/td&gt;&#34;, &#34;&lt;td class=\&#34;col-testId\&#34;&gt;tests/anarchy_copilot/api/test_proxy_api.py::test_get_proxy_status_with_server::setup&lt;/td&gt;&#34;, &#34;&lt;td class=\&#34;col-duration\&#34;&gt;0 ms&lt;/td&gt;&#34;, &#34;&lt;td class=\&#34;col-links\&#34;&gt;&lt;/td&gt;&#34;], &#34;log&#34;: &#34;file /app/tests/anarchy_copilot/api/test_proxy_api.py, line 39\n  def test_get_proxy_status_with_server(test_client, mock_proxy_server):\nE       fixture &amp;#x27;test_client&amp;#x27; not found\n&amp;gt;       available fixtures: _session_event_loop, anyio_backend, anyio_backend_name, anyio_backend_options, app, cache, capfd, capfdbinary, caplog, caplog_debug, capsys, capsysbinary, class_mocker, client, cov, doctest_namespace, dummy_config, event_loop, event_loop_policy, extra, extras, include_metadata_in_junit_xml, metadata, mock_datetime, mock_nuclei_response, mock_proxy_server, mock_scan_result, mock_time, mocker, module_mocker, monkeypatch, no_cover, package_mocker, pytestconfig, record_property, record_testsuite_property, record_xml_attribute, recwarn, session_mocker, temp_test_dir, test_data_dir, test_env, testrun_uid, tests/anarchy_copilot/api/test_proxy_api.py::&amp;lt;event_loop&amp;gt;, tests::&amp;lt;event_loop&amp;gt;, time_helper, tmp_path, tmp_path_factory, tmpdir, tmpdir_factory, unused_tcp_port, unused_tcp_port_factory, unused_udp_port, unused_udp_port_factory, worker_id\n&amp;gt;       use &amp;#x27;pytest --fixtures [testpath]&amp;#x27; for help on them.\n\n/app/tests/anarchy_copilot/api/test_proxy_api.py:39\n&#34;}], &#34;tests/anarchy_copilot/api/test_proxy_api.py::test_start_proxy&#34;: [{&#34;extras&#34;: [], &#34;result&#34;: &#34;Error&#34;, &#34;testId&#34;: &#34;tests/anarchy_copilot/api/test_proxy_api.py::test_start_proxy::setup&#34;, &#34;duration&#34;: &#34;0 ms&#34;, &#34;resultsTableRow&#34;: [&#34;&lt;td class=\&#34;col-result\&#34;&gt;Error&lt;/td&gt;&#34;, &#34;&lt;td class=\&#34;col-testId\&#34;&gt;tests/anarchy_copilot/api/test_proxy_api.py::test_start_proxy::setup&lt;/td&gt;&#34;, &#34;&lt;td class=\&#34;col-duration\&#34;&gt;0 ms&lt;/td&gt;&#34;, &#34;&lt;td class=\&#34;col-links\&#34;&gt;&lt;/td&gt;&#34;], &#34;log&#34;: &#34;file /app/tests/anarchy_copilot/api/test_proxy_api.py, line 51\n  @pytest.mark.asyncio\n  async def test_start_proxy(test_client, mock_proxy_server):\n      &amp;quot;&amp;quot;&amp;quot;Test starting proxy server.&amp;quot;&amp;quot;&amp;quot;\n      global proxy_server\n      proxy_server = None\n\n      with patch(&amp;#x27;api.proxy.ProxyServer&amp;#x27;, return_value=mock_proxy_server):\n          response = test_client.post(\n              &amp;quot;/api/proxy/start&amp;quot;,\n              json={\n                  &amp;quot;host&amp;quot;: &amp;quot;127.0.0.1&amp;quot;,\n                  &amp;quot;port&amp;quot;: 8080,\n                  &amp;quot;interceptRequests&amp;quot;: True,\n                  &amp;quot;interceptResponses&amp;quot;: True,\n                  &amp;quot;allowedHosts&amp;quot;: [],\n                  &amp;quot;excludedHosts&amp;quot;: []\n              }\n          )\n\n          assert response.status_code == 200\n          data = response.json()\n          verify_json_response(data)\n          assert data[&amp;quot;status&amp;quot;] == &amp;quot;success&amp;quot;\n          mock_proxy_server.start.assert_awaited_once()\nE       fixture &amp;#x27;test_client&amp;#x27; not found\n&amp;gt;       available fixtures: _session_event_loop, anyio_backend, anyio_backend_name, anyio_backend_options, app, cache, capfd, capfdbinary, caplog, caplog_debug, capsys, capsysbinary, class_mocker, client, cov, doctest_namespace, dummy_config, event_loop, event_loop_policy, extra, extras, include_metadata_in_junit_xml, metadata, mock_datetime, mock_nuclei_response, mock_proxy_server, mock_scan_result, mock_time, mocker, module_mocker, monkeypatch, no_cover, package_mocker, pytestconfig, record_property, record_testsuite_property, record_xml_attribute, recwarn, session_mocker, temp_test_dir, test_data_dir, test_env, testrun_uid, tests/anarchy_copilot/api/test_proxy_api.py::&amp;lt;event_loop&amp;gt;, tests::&amp;lt;event_loop&amp;gt;, time_helper, tmp_path, tmp_path_factory, tmpdir, tmpdir_factory, unused_tcp_port, unused_tcp_port_factory, unused_udp_port, unused_udp_port_factory, worker_id\n&amp;gt;       use &amp;#x27;pytest --fixtures [testpath]&amp;#x27; for help on them.\n\n/app/tests/anarchy_copilot/api/test_proxy_api.py:51\n&#34;}], &#34;tests/anarchy_copilot/api/test_proxy_api.py::test_stop_proxy&#34;: [{&#34;extras&#34;: [], &#34;result&#34;: &#34;Error&#34;, &#34;testId&#34;: &#34;tests/anarchy_copilot/api/test_proxy_api.py::test_stop_proxy::setup&#34;, &#34;duration&#34;: &#34;0 ms&#34;, &#34;resultsTableRow&#34;: [&#34;&lt;td class=\&#34;col-result\&#34;&gt;Error&lt;/td&gt;&#34;, &#34;&lt;td class=\&#34;col-testId\&#34;&gt;tests/anarchy_copilot/api/test_proxy_api.py::test_stop_proxy::setup&lt;/td&gt;&#34;, &#34;&lt;td class=\&#34;col-duration\&#34;&gt;0 ms&lt;/td&gt;&#34;, &#34;&lt;td class=\&#34;col-links\&#34;&gt;&lt;/td&gt;&#34;], &#34;log&#34;: &#34;file /app/tests/anarchy_copilot/api/test_proxy_api.py, line 76\n  @pytest.mark.asyncio\n  async def test_stop_proxy(test_client, mock_proxy_server):\n      &amp;quot;&amp;quot;&amp;quot;Test stopping proxy server.&amp;quot;&amp;quot;&amp;quot;\n      global proxy_server\n      proxy_server = mock_proxy_server\n\n      response = test_client.post(&amp;quot;/api/proxy/stop&amp;quot;)\n      assert response.status_code == 200\n      data = response.json()\n      verify_json_response(data)\n      assert data[&amp;quot;status&amp;quot;] == &amp;quot;success&amp;quot;\n      mock_proxy_server.stop.assert_awaited_once()\nE       fixture &amp;#x27;test_client&amp;#x27; not found\n&amp;gt;       available fixtures: _session_event_loop, anyio_backend, anyio_backend_name, anyio_backend_options, app, cache, capfd, capfdbinary, caplog, caplog_debug, capsys, capsysbinary, class_mocker, client, cov, doctest_namespace, dummy_config, event_loop, event_loop_policy, extra, extras, include_metadata_in_junit_xml, metadata, mock_datetime, mock_nuclei_response, mock_proxy_server, mock_scan_result, mock_time, mocker, module_mocker, monkeypatch, no_cover, package_mocker, pytestconfig, record_property, record_testsuite_property, record_xml_attribute, recwarn, session_mocker, temp_test_dir, test_data_dir, test_env, testrun_uid, tests/anarchy_copilot/api/test_proxy_api.py::&amp;lt;event_loop&amp;gt;, tests::&amp;lt;event_loop&amp;gt;, time_helper, tmp_path, tmp_path_factory, tmpdir, tmpdir_factory, unused_tcp_port, unused_tcp_port_factory, unused_udp_port, unused_udp_port_factory, worker_id\n&amp;gt;       use &amp;#x27;pytest --fixtures [testpath]&amp;#x27; for help on them.\n\n/app/tests/anarchy_copilot/api/test_proxy_api.py:76\n&#34;}], &#34;tests/anarchy_copilot/api/test_proxy_api.py::test_update_settings&#34;: [{&#34;extras&#34;: [], &#34;result&#34;: &#34;Error&#34;, &#34;testId&#34;: &#34;tests/anarchy_copilot/api/test_proxy_api.py::test_update_settings::setup&#34;, &#34;duration&#34;: &#34;0 ms&#34;, &#34;resultsTableRow&#34;: [&#34;&lt;td class=\&#34;col-result\&#34;&gt;Error&lt;/td&gt;&#34;, &#34;&lt;td class=\&#34;col-testId\&#34;&gt;tests/anarchy_copilot/api/test_proxy_api.py::test_update_settings::setup&lt;/td&gt;&#34;, &#34;&lt;td class=\&#34;col-duration\&#34;&gt;0 ms&lt;/td&gt;&#34;, &#34;&lt;td class=\&#34;col-links\&#34;&gt;&lt;/td&gt;&#34;], &#34;log&#34;: &#34;file /app/tests/anarchy_copilot/api/test_proxy_api.py, line 89\n  def test_update_settings(test_client, mock_proxy_server):\nE       fixture &amp;#x27;test_client&amp;#x27; not found\n&amp;gt;       available fixtures: _session_event_loop, anyio_backend, anyio_backend_name, anyio_backend_options, app, cache, capfd, capfdbinary, caplog, caplog_debug, capsys, capsysbinary, class_mocker, client, cov, doctest_namespace, dummy_config, event_loop, event_loop_policy, extra, extras, include_metadata_in_junit_xml, metadata, mock_datetime, mock_nuclei_response, mock_proxy_server, mock_scan_result, mock_time, mocker, module_mocker, monkeypatch, no_cover, package_mocker, pytestconfig, record_property, record_testsuite_property, record_xml_attribute, recwarn, session_mocker, temp_test_dir, test_data_dir, test_env, testrun_uid, tests/anarchy_copilot/api/test_proxy_api.py::&amp;lt;event_loop&amp;gt;, tests::&amp;lt;event_loop&amp;gt;, time_helper, tmp_path, tmp_path_factory, tmpdir, tmpdir_factory, unused_tcp_port, unused_tcp_port_factory, unused_udp_port, unused_udp_port_factory, worker_id\n&amp;gt;       use &amp;#x27;pytest --fixtures [testpath]&amp;#x27; for help on them.\n\n/app/tests/anarchy_copilot/api/test_proxy_api.py:89\n&#34;}], &#34;tests/anarchy_copilot/api/test_proxy_api.py::test_get_history_entry&#34;: [{&#34;extras&#34;: [], &#34;result&#34;: &#34;Error&#34;, &#34;testId&#34;: &#34;tests/anarchy_copilot/api/test_proxy_api.py::test_get_history_entry::setup&#34;, &#34;duration&#34;: &#34;0 ms&#34;, &#34;resultsTableRow&#34;: [&#34;&lt;td class=\&#34;col-result\&#34;&gt;Error&lt;/td&gt;&#34;, &#34;&lt;td class=\&#34;col-testId\&#34;&gt;tests/anarchy_copilot/api/test_proxy_api.py::test_get_history_entry::setup&lt;/td&gt;&#34;, &#34;&lt;td class=\&#34;col-duration\&#34;&gt;0 ms&lt;/td&gt;&#34;, &#34;&lt;td class=\&#34;col-links\&#34;&gt;&lt;/td&gt;&#34;], &#34;log&#34;: &#34;file /app/tests/anarchy_copilot/api/test_proxy_api.py, line 112\n  def test_get_history_entry(test_client, mock_proxy_server):\nE       fixture &amp;#x27;test_client&amp;#x27; not found\n&amp;gt;       available fixtures: _session_event_loop, anyio_backend, anyio_backend_name, anyio_backend_options, app, cache, capfd, capfdbinary, caplog, caplog_debug, capsys, capsysbinary, class_mocker, client, cov, doctest_namespace, dummy_config, event_loop, event_loop_policy, extra, extras, include_metadata_in_junit_xml, metadata, mock_datetime, mock_nuclei_response, mock_proxy_server, mock_scan_result, mock_time, mocker, module_mocker, monkeypatch, no_cover, package_mocker, pytestconfig, record_property, record_testsuite_property, record_xml_attribute, recwarn, session_mocker, temp_test_dir, test_data_dir, test_env, testrun_uid, tests/anarchy_copilot/api/test_proxy_api.py::&amp;lt;event_loop&amp;gt;, tests::&amp;lt;event_loop&amp;gt;, time_helper, tmp_path, tmp_path_factory, tmpdir, tmpdir_factory, unused_tcp_port, unused_tcp_port_factory, unused_udp_port, unused_udp_port_factory, worker_id\n&amp;gt;       use &amp;#x27;pytest --fixtures [testpath]&amp;#x27; for help on them.\n\n/app/tests/anarchy_copilot/api/test_proxy_api.py:112\n&#34;}], &#34;tests/anarchy_copilot/api/test_proxy_api.py::test_add_entry_tag&#34;: [{&#34;extras&#34;: [], &#34;result&#34;: &#34;Error&#34;, &#34;testId&#34;: &#34;tests/anarchy_copilot/api/test_proxy_api.py::test_add_entry_tag::setup&#34;, &#34;duration&#34;: &#34;0 ms&#34;, &#34;resultsTableRow&#34;: [&#34;&lt;td class=\&#34;col-result\&#34;&gt;Error&lt;/td&gt;&#34;, &#34;&lt;td class=\&#34;col-testId\&#34;&gt;tests/anarchy_copilot/api/test_proxy_api.py::test_add_entry_tag::setup&lt;/td&gt;&#34;, &#34;&lt;td class=\&#34;col-duration\&#34;&gt;0 ms&lt;/td&gt;&#34;, &#34;&lt;td class=\&#34;col-links\&#34;&gt;&lt;/td&gt;&#34;], &#34;log&#34;: &#34;file /app/tests/anarchy_copilot/api/test_proxy_api.py, line 139\n  def test_add_entry_tag(test_client, mock_proxy_server):\nE       fixture &amp;#x27;test_client&amp;#x27; not found\n&amp;gt;       available fixtures: _session_event_loop, anyio_backend, anyio_backend_name, anyio_backend_options, app, cache, capfd, capfdbinary, caplog, caplog_debug, capsys, capsysbinary, class_mocker, client, cov, doctest_namespace, dummy_config, event_loop, event_loop_policy, extra, extras, include_metadata_in_junit_xml, metadata, mock_datetime, mock_nuclei_response, mock_proxy_server, mock_scan_result, mock_time, mocker, module_mocker, monkeypatch, no_cover, package_mocker, pytestconfig, record_property, record_testsuite_property, record_xml_attribute, recwarn, session_mocker, temp_test_dir, test_data_dir, test_env, testrun_uid, tests/anarchy_copilot/api/test_proxy_api.py::&amp;lt;event_loop&amp;gt;, tests::&amp;lt;event_loop&amp;gt;, time_helper, tmp_path, tmp_path_factory, tmpdir, tmpdir_factory, unused_tcp_port, unused_tcp_port_factory, unused_udp_port, unused_udp_port_factory, worker_id\n&amp;gt;       use &amp;#x27;pytest --fixtures [testpath]&amp;#x27; for help on them.\n\n/app/tests/anarchy_copilot/api/test_proxy_api.py:139\n&#34;}], &#34;tests/anarchy_copilot/api/test_proxy_api.py::test_set_entry_note&#34;: [{&#34;extras&#34;: [], &#34;result&#34;: &#34;Error&#34;, &#34;testId&#34;: &#34;tests/anarchy_copilot/api/test_proxy_api.py::test_set_entry_note::setup&#34;, &#34;duration&#34;: &#34;0 ms&#34;, &#34;resultsTableRow&#34;: [&#34;&lt;td class=\&#34;col-result\&#34;&gt;Error&lt;/td&gt;&#34;, &#34;&lt;td class=\&#34;col-testId\&#34;&gt;tests/anarchy_copilot/api/test_proxy_api.py::test_set_entry_note::setup&lt;/td&gt;&#34;, &#34;&lt;td class=\&#34;col-duration\&#34;&gt;0 ms&lt;/td&gt;&#34;, &#34;&lt;td class=\&#34;col-links\&#34;&gt;&lt;/td&gt;&#34;], &#34;log&#34;: &#34;file /app/tests/anarchy_copilot/api/test_proxy_api.py, line 151\n  def test_set_entry_note(test_client, mock_proxy_server):\nE       fixture &amp;#x27;test_client&amp;#x27; not found\n&amp;gt;       available fixtures: _session_event_loop, anyio_backend, anyio_backend_name, anyio_backend_options, app, cache, capfd, capfdbinary, caplog, caplog_debug, capsys, capsysbinary, class_mocker, client, cov, doctest_namespace, dummy_config, event_loop, event_loop_policy, extra, extras, include_metadata_in_junit_xml, metadata, mock_datetime, mock_nuclei_response, mock_proxy_server, mock_scan_result, mock_time, mocker, module_mocker, monkeypatch, no_cover, package_mocker, pytestconfig, record_property, record_testsuite_property, record_xml_attribute, recwarn, session_mocker, temp_test_dir, test_data_dir, test_env, testrun_uid, tests/anarchy_copilot/api/test_proxy_api.py::&amp;lt;event_loop&amp;gt;, tests::&amp;lt;event_loop&amp;gt;, time_helper, tmp_path, tmp_path_factory, tmpdir, tmpdir_factory, unused_tcp_port, unused_tcp_port_factory, unused_udp_port, unused_udp_port_factory, worker_id\n&amp;gt;       use &amp;#x27;pytest --fixtures [testpath]&amp;#x27; for help on them.\n\n/app/tests/anarchy_copilot/api/test_proxy_api.py:151\n&#34;}], &#34;tests/anarchy_copilot/api/test_proxy_api.py::test_clear_history&#34;: [{&#34;extras&#34;: [], &#34;result&#34;: &#34;Error&#34;, &#34;testId&#34;: &#34;tests/anarchy_copilot/api/test_proxy_api.py::test_clear_history::setup&#34;, &#34;duration&#34;: &#34;0 ms&#34;, &#34;resultsTableRow&#34;: [&#34;&lt;td class=\&#34;col-result\&#34;&gt;Error&lt;/td&gt;&#34;, &#34;&lt;td class=\&#34;col-testId\&#34;&gt;tests/anarchy_copilot/api/test_proxy_api.py::test_clear_history::setup&lt;/td&gt;&#34;, &#34;&lt;td class=\&#34;col-duration\&#34;&gt;0 ms&lt;/td&gt;&#34;, &#34;&lt;td class=\&#34;col-links\&#34;&gt;&lt;/td&gt;&#34;], &#34;log&#34;: &#34;file /app/tests/anarchy_copilot/api/test_proxy_api.py, line 166\n  def test_clear_history(test_client, mock_proxy_server):\nE       fixture &amp;#x27;test_client&amp;#x27; not found\n&amp;gt;       available fixtures: _session_event_loop, anyio_backend, anyio_backend_name, anyio_backend_options, app, cache, capfd, capfdbinary, caplog, caplog_debug, capsys, capsysbinary, class_mocker, client, cov, doctest_namespace, dummy_config, event_loop, event_loop_policy, extra, extras, include_metadata_in_junit_xml, metadata, mock_datetime, mock_nuclei_response, mock_proxy_server, mock_scan_result, mock_time, mocker, module_mocker, monkeypatch, no_cover, package_mocker, pytestconfig, record_property, record_testsuite_property, record_xml_attribute, recwarn, session_mocker, temp_test_dir, test_data_dir, test_env, testrun_uid, tests/anarchy_copilot/api/test_proxy_api.py::&amp;lt;event_loop&amp;gt;, tests::&amp;lt;event_loop&amp;gt;, time_helper, tmp_path, tmp_path_factory, tmpdir, tmpdir_factory, unused_tcp_port, unused_tcp_port_factory, unused_udp_port, unused_udp_port_factory, worker_id\n&amp;gt;       use &amp;#x27;pytest --fixtures [testpath]&amp;#x27; for help on them.\n\n/app/tests/anarchy_copilot/api/test_proxy_api.py:166\n&#34;}], &#34;tests/anarchy_copilot/proxy/test_proxy.py::test_proxy_initialization&#34;: [{&#34;extras&#34;: [], &#34;result&#34;: &#34;Passed&#34;, &#34;testId&#34;: &#34;tests/anarchy_copilot/proxy/test_proxy.py::test_proxy_initialization&#34;, &#34;duration&#34;: &#34;5 ms&#34;, &#34;resultsTableRow&#34;: [&#34;&lt;td class=\&#34;col-result\&#34;&gt;Passed&lt;/td&gt;&#34;, &#34;&lt;td class=\&#34;col-testId\&#34;&gt;tests/anarchy_copilot/proxy/test_proxy.py::test_proxy_initialization&lt;/td&gt;&#34;, &#34;&lt;td class=\&#34;col-duration\&#34;&gt;5 ms&lt;/td&gt;&#34;, &#34;&lt;td class=\&#34;col-links\&#34;&gt;&lt;/td&gt;&#34;], &#34;log&#34;: &#34;No log output captured.&#34;}], &#34;tests/anarchy_copilot/proxy/test_proxy.py::test_add_interceptors&#34;: [{&#34;extras&#34;: [], &#34;result&#34;: &#34;Passed&#34;, &#34;testId&#34;: &#34;tests/anarchy_copilot/proxy/test_proxy.py::test_add_interceptors&#34;, &#34;duration&#34;: &#34;2 ms&#34;, &#34;resultsTableRow&#34;: [&#34;&lt;td class=\&#34;col-result\&#34;&gt;Passed&lt;/td&gt;&#34;, &#34;&lt;td class=\&#34;col-testId\&#34;&gt;tests/anarchy_copilot/proxy/test_proxy.py::test_add_interceptors&lt;/td&gt;&#34;, &#34;&lt;td class=\&#34;col-duration\&#34;&gt;2 ms&lt;/td&gt;&#34;, &#34;&lt;td class=\&#34;col-links\&#34;&gt;&lt;/td&gt;&#34;], &#34;log&#34;: &#34;No log output captured.&#34;}], &#34;tests/anarchy_copilot/proxy/test_proxy.py::test_request_interception&#34;: [{&#34;extras&#34;: [], &#34;result&#34;: &#34;Passed&#34;, &#34;testId&#34;: &#34;tests/anarchy_copilot/proxy/test_proxy.py::test_request_interception&#34;, &#34;duration&#34;: &#34;2 ms&#34;, &#34;resultsTableRow&#34;: [&#34;&lt;td class=\&#34;col-result\&#34;&gt;Passed&lt;/td&gt;&#34;, &#34;&lt;td class=\&#34;col-testId\&#34;&gt;tests/anarchy_copilot/proxy/test_proxy.py::test_request_interception&lt;/td&gt;&#34;, &#34;&lt;td class=\&#34;col-duration\&#34;&gt;2 ms&lt;/td&gt;&#34;, &#34;&lt;td class=\&#34;col-links\&#34;&gt;&lt;/td&gt;&#34;], &#34;log&#34;: &#34;No log output captured.&#34;}], &#34;tests/anarchy_copilot/proxy/test_proxy.py::test_response_interception&#34;: [{&#34;extras&#34;: [], &#34;result&#34;: &#34;Passed&#34;, &#34;testId&#34;: &#34;tests/anarchy_copilot/proxy/test_proxy.py::test_response_interception&#34;, &#34;duration&#34;: &#34;2 ms&#34;, &#34;resultsTableRow&#34;: [&#34;&lt;td class=\&#34;col-result\&#34;&gt;Passed&lt;/td&gt;&#34;, &#34;&lt;td class=\&#34;col-testId\&#34;&gt;tests/anarchy_copilot/proxy/test_proxy.py::test_response_interception&lt;/td&gt;&#34;, &#34;&lt;td class=\&#34;col-duration\&#34;&gt;2 ms&lt;/td&gt;&#34;, &#34;&lt;td class=\&#34;col-links\&#34;&gt;&lt;/td&gt;&#34;], &#34;log&#34;: &#34;No log output captured.&#34;}], &#34;tests/anarchy_copilot/proxy/test_proxy.py::test_scope_enforcement&#34;: [{&#34;extras&#34;: [], &#34;result&#34;: &#34;Passed&#34;, &#34;testId&#34;: &#34;tests/anarchy_copilot/proxy/test_proxy.py::test_scope_enforcement&#34;, &#34;duration&#34;: &#34;3 ms&#34;, &#34;resultsTableRow&#34;: [&#34;&lt;td class=\&#34;col-result\&#34;&gt;Passed&lt;/td&gt;&#34;, &#34;&lt;td class=\&#34;col-testId\&#34;&gt;tests/anarchy_copilot/proxy/test_proxy.py::test_scope_enforcement&lt;/td&gt;&#34;, &#34;&lt;td class=\&#34;col-duration\&#34;&gt;3 ms&lt;/td&gt;&#34;, &#34;&lt;td class=\&#34;col-links\&#34;&gt;&lt;/td&gt;&#34;], &#34;log&#34;: &#34;No log output captured.&#34;}], &#34;tests/anarchy_copilot/proxy/test_proxy.py::test_history_tracking&#34;: [{&#34;extras&#34;: [], &#34;result&#34;: &#34;Passed&#34;, &#34;testId&#34;: &#34;tests/anarchy_copilot/proxy/test_proxy.py::test_history_tracking&#34;, &#34;duration&#34;: &#34;2 ms&#34;, &#34;resultsTableRow&#34;: [&#34;&lt;td class=\&#34;col-result\&#34;&gt;Passed&lt;/td&gt;&#34;, &#34;&lt;td class=\&#34;col-testId\&#34;&gt;tests/anarchy_copilot/proxy/test_proxy.py::test_history_tracking&lt;/td&gt;&#34;, &#34;&lt;td class=\&#34;col-duration\&#34;&gt;2 ms&lt;/td&gt;&#34;, &#34;&lt;td class=\&#34;col-links\&#34;&gt;&lt;/td&gt;&#34;], &#34;log&#34;: &#34;No log output captured.&#34;}], &#34;tests/anarchy_copilot/proxy/test_proxy.py::test_certificate_generation&#34;: [{&#34;extras&#34;: [], &#34;result&#34;: &#34;Passed&#34;, &#34;testId&#34;: &#34;tests/anarchy_copilot/proxy/test_proxy.py::test_certificate_generation&#34;, &#34;duration&#34;: &#34;115 ms&#34;, &#34;resultsTableRow&#34;: [&#34;&lt;td class=\&#34;col-result\&#34;&gt;Passed&lt;/td&gt;&#34;, &#34;&lt;td class=\&#34;col-testId\&#34;&gt;tests/anarchy_copilot/proxy/test_proxy.py::test_certificate_generation&lt;/td&gt;&#34;, &#34;&lt;td class=\&#34;col-duration\&#34;&gt;115 ms&lt;/td&gt;&#34;, &#34;&lt;td class=\&#34;col-links\&#34;&gt;&lt;/td&gt;&#34;], &#34;log&#34;: &#34;No log output captured.&#34;}], &#34;tests/anarchy_copilot/proxy/test_proxy.py::test_proxy_config_validation&#34;: [{&#34;extras&#34;: [], &#34;result&#34;: &#34;Passed&#34;, &#34;testId&#34;: &#34;tests/anarchy_copilot/proxy/test_proxy.py::test_proxy_config_validation&#34;, &#34;duration&#34;: &#34;1 ms&#34;, &#34;resultsTableRow&#34;: [&#34;&lt;td class=\&#34;col-result\&#34;&gt;Passed&lt;/td&gt;&#34;, &#34;&lt;td class=\&#34;col-testId\&#34;&gt;tests/anarchy_copilot/proxy/test_proxy.py::test_proxy_config_validation&lt;/td&gt;&#34;, &#34;&lt;td class=\&#34;col-duration\&#34;&gt;1 ms&lt;/td&gt;&#34;, &#34;&lt;td class=\&#34;col-links\&#34;&gt;&lt;/td&gt;&#34;], &#34;log&#34;: &#34;No log output captured.&#34;}], &#34;tests/anarchy_copilot/test_version.py::test_version_format&#34;: [{&#34;extras&#34;: [], &#34;result&#34;: &#34;Passed&#34;, &#34;testId&#34;: &#34;tests/anarchy_copilot/test_version.py::test_version_format&#34;, &#34;duration&#34;: &#34;0 ms&#34;, &#34;resultsTableRow&#34;: [&#34;&lt;td class=\&#34;col-result\&#34;&gt;Passed&lt;/td&gt;&#34;, &#34;&lt;td class=\&#34;col-testId\&#34;&gt;tests/anarchy_copilot/test_version.py::test_version_format&lt;/td&gt;&#34;, &#34;&lt;td class=\&#34;col-duration\&#34;&gt;0 ms&lt;/td&gt;&#34;, &#34;&lt;td class=\&#34;col-links\&#34;&gt;&lt;/td&gt;&#34;], &#34;log&#34;: &#34;No log output captured.&#34;}], &#34;tests/anarchy_copilot/test_version.py::test_get_version&#34;: [{&#34;extras&#34;: [], &#34;result&#34;: &#34;Passed&#34;, &#34;testId&#34;: &#34;tests/anarchy_copilot/test_version.py::test_get_version&#34;, &#34;duration&#34;: &#34;0 ms&#34;, &#34;resultsTableRow&#34;: [&#34;&lt;td class=\&#34;col-result\&#34;&gt;Passed&lt;/td&gt;&#34;, &#34;&lt;td class=\&#34;col-testId\&#34;&gt;tests/anarchy_copilot/test_version.py::test_get_version&lt;/td&gt;&#34;, &#34;&lt;td class=\&#34;col-duration\&#34;&gt;0 ms&lt;/td&gt;&#34;, &#34;&lt;td class=\&#34;col-links\&#34;&gt;&lt;/td&gt;&#34;], &#34;log&#34;: &#34;No log output captured.&#34;}], &#34;tests/anarchy_copilot/test_version.py::test_version_info_structure&#34;: [{&#34;extras&#34;: [], &#34;result&#34;: &#34;Passed&#34;, &#34;testId&#34;: &#34;tests/anarchy_copilot/test_version.py::test_version_info_structure&#34;, &#34;duration&#34;: &#34;0 ms&#34;, &#34;resultsTableRow&#34;: [&#34;&lt;td class=\&#34;col-result\&#34;&gt;Passed&lt;/td&gt;&#34;, &#34;&lt;td class=\&#34;col-testId\&#34;&gt;tests/anarchy_copilot/test_version.py::test_version_info_structure&lt;/td&gt;&#34;, &#34;&lt;td class=\&#34;col-duration\&#34;&gt;0 ms&lt;/td&gt;&#34;, &#34;&lt;td class=\&#34;col-links\&#34;&gt;&lt;/td&gt;&#34;], &#34;log&#34;: &#34;No log output captured.&#34;}], &#34;tests/anarchy_copilot/test_version.py::test_component_versions_consistency&#34;: [{&#34;extras&#34;: [], &#34;result&#34;: &#34;Passed&#34;, &#34;testId&#34;: &#34;tests/anarchy_copilot/test_version.py::test_component_versions_consistency&#34;, &#34;duration&#34;: &#34;0 ms&#34;, &#34;resultsTableRow&#34;: [&#34;&lt;td class=\&#34;col-result\&#34;&gt;Passed&lt;/td&gt;&#34;, &#34;&lt;td class=\&#34;col-testId\&#34;&gt;tests/anarchy_copilot/test_version.py::test_component_versions_consistency&lt;/td&gt;&#34;, &#34;&lt;td class=\&#34;col-duration\&#34;&gt;0 ms&lt;/td&gt;&#34;, &#34;&lt;td class=\&#34;col-links\&#34;&gt;&lt;/td&gt;&#34;], &#34;log&#34;: &#34;No log output captured.&#34;}], &#34;tests/anarchy_copilot/test_version.py::test_python_version_compatibility[python_version0-True]&#34;: [{&#34;extras&#34;: [], &#34;result&#34;: &#34;Passed&#34;, &#34;testId&#34;: &#34;tests/anarchy_copilot/test_version.py::test_python_version_compatibility[python_version0-True]&#34;, &#34;duration&#34;: &#34;1 ms&#34;, &#34;resultsTableRow&#34;: [&#34;&lt;td class=\&#34;col-result\&#34;&gt;Passed&lt;/td&gt;&#34;, &#34;&lt;td class=\&#34;col-testId\&#34;&gt;tests/anarchy_copilot/test_version.py::test_python_version_compatibility[python_version0-True]&lt;/td&gt;&#34;, &#34;&lt;td class=\&#34;col-duration\&#34;&gt;1 ms&lt;/td&gt;&#34;, &#34;&lt;td class=\&#34;col-links\&#34;&gt;&lt;/td&gt;&#34;], &#34;log&#34;: &#34;No log output captured.&#34;}], &#34;tests/anarchy_copilot/test_version.py::test_python_version_compatibility[python_version1-True]&#34;: [{&#34;extras&#34;: [], &#34;result&#34;: &#34;Passed&#34;, &#34;testId&#34;: &#34;tests/anarchy_copilot/test_version.py::test_python_version_compatibility[python_version1-True]&#34;, &#34;duration&#34;: &#34;1 ms&#34;, &#34;resultsTableRow&#34;: [&#34;&lt;td class=\&#34;col-result\&#34;&gt;Passed&lt;/td&gt;&#34;, &#34;&lt;td class=\&#34;col-testId\&#34;&gt;tests/anarchy_copilot/test_version.py::test_python_version_compatibility[python_version1-True]&lt;/td&gt;&#34;, &#34;&lt;td class=\&#34;col-duration\&#34;&gt;1 ms&lt;/td&gt;&#34;, &#34;&lt;td class=\&#34;col-links\&#34;&gt;&lt;/td&gt;&#34;], &#34;log&#34;: &#34;No log output captured.&#34;}], &#34;tests/anarchy_copilot/test_version.py::test_python_version_compatibility[python_version2-True]&#34;: [{&#34;extras&#34;: [], &#34;result&#34;: &#34;Passed&#34;, &#34;testId&#34;: &#34;tests/anarchy_copilot/test_version.py::test_python_version_compatibility[python_version2-True]&#34;, &#34;duration&#34;: &#34;1 ms&#34;, &#34;resultsTableRow&#34;: [&#34;&lt;td class=\&#34;col-result\&#34;&gt;Passed&lt;/td&gt;&#34;, &#34;&lt;td class=\&#34;col-testId\&#34;&gt;tests/anarchy_copilot/test_version.py::test_python_version_compatibility[python_version2-True]&lt;/td&gt;&#34;, &#34;&lt;td class=\&#34;col-duration\&#34;&gt;1 ms&lt;/td&gt;&#34;, &#34;&lt;td class=\&#34;col-links\&#34;&gt;&lt;/td&gt;&#34;], &#34;log&#34;: &#34;No log output captured.&#34;}], &#34;tests/anarchy_copilot/test_version.py::test_python_version_compatibility[python_version3-False]&#34;: [{&#34;extras&#34;: [], &#34;result&#34;: &#34;Passed&#34;, &#34;testId&#34;: &#34;tests/anarchy_copilot/test_version.py::test_python_version_compatibility[python_version3-False]&#34;, &#34;duration&#34;: &#34;1 ms&#34;, &#34;resultsTableRow&#34;: [&#34;&lt;td class=\&#34;col-result\&#34;&gt;Passed&lt;/td&gt;&#34;, &#34;&lt;td class=\&#34;col-testId\&#34;&gt;tests/anarchy_copilot/test_version.py::test_python_version_compatibility[python_version3-False]&lt;/td&gt;&#34;, &#34;&lt;td class=\&#34;col-duration\&#34;&gt;1 ms&lt;/td&gt;&#34;, &#34;&lt;td class=\&#34;col-links\&#34;&gt;&lt;/td&gt;&#34;], &#34;log&#34;: &#34;No log output captured.&#34;}], &#34;tests/anarchy_copilot/test_version.py::test_python_version_compatibility[python_version4-False]&#34;: [{&#34;extras&#34;: [], &#34;result&#34;: &#34;Passed&#34;, &#34;testId&#34;: &#34;tests/anarchy_copilot/test_version.py::test_python_version_compatibility[python_version4-False]&#34;, &#34;duration&#34;: &#34;1 ms&#34;, &#34;resultsTableRow&#34;: [&#34;&lt;td class=\&#34;col-result\&#34;&gt;Passed&lt;/td&gt;&#34;, &#34;&lt;td class=\&#34;col-testId\&#34;&gt;tests/anarchy_copilot/test_version.py::test_python_version_compatibility[python_version4-False]&lt;/td&gt;&#34;, &#34;&lt;td class=\&#34;col-duration\&#34;&gt;1 ms&lt;/td&gt;&#34;, &#34;&lt;td class=\&#34;col-links\&#34;&gt;&lt;/td&gt;&#34;], &#34;log&#34;: &#34;No log output captured.&#34;}], &#34;tests/anarchy_copilot/test_version.py::test_dependency_version_check&#34;: [{&#34;extras&#34;: [], &#34;result&#34;: &#34;Passed&#34;, &#34;testId&#34;: &#34;tests/anarchy_copilot/test_version.py::test_dependency_version_check&#34;, &#34;duration&#34;: &#34;1 ms&#34;, &#34;resultsTableRow&#34;: [&#34;&lt;td class=\&#34;col-result\&#34;&gt;Passed&lt;/td&gt;&#34;, &#34;&lt;td class=\&#34;col-testId\&#34;&gt;tests/anarchy_copilot/test_version.py::test_dependency_version_check&lt;/td&gt;&#34;, &#34;&lt;td class=\&#34;col-duration\&#34;&gt;1 ms&lt;/td&gt;&#34;, &#34;&lt;td class=\&#34;col-links\&#34;&gt;&lt;/td&gt;&#34;], &#34;log&#34;: &#34;No log output captured.&#34;}], &#34;tests/anarchy_copilot/test_version.py::test_nuclei_compatibility&#34;: [{&#34;extras&#34;: [], &#34;result&#34;: &#34;Passed&#34;, &#34;testId&#34;: &#34;tests/anarchy_copilot/test_version.py::test_nuclei_compatibility&#34;, &#34;duration&#34;: &#34;2 ms&#34;, &#34;resultsTableRow&#34;: [&#34;&lt;td class=\&#34;col-result\&#34;&gt;Passed&lt;/td&gt;&#34;, &#34;&lt;td class=\&#34;col-testId\&#34;&gt;tests/anarchy_copilot/test_version.py::test_nuclei_compatibility&lt;/td&gt;&#34;, &#34;&lt;td class=\&#34;col-duration\&#34;&gt;2 ms&lt;/td&gt;&#34;, &#34;&lt;td class=\&#34;col-links\&#34;&gt;&lt;/td&gt;&#34;], &#34;log&#34;: &#34;No log output captured.&#34;}], &#34;tests/anarchy_copilot/test_version.py::test_build_info_format&#34;: [{&#34;extras&#34;: [], &#34;result&#34;: &#34;Passed&#34;, &#34;testId&#34;: &#34;tests/anarchy_copilot/test_version.py::test_build_info_format&#34;, &#34;duration&#34;: &#34;0 ms&#34;, &#34;resultsTableRow&#34;: [&#34;&lt;td class=\&#34;col-result\&#34;&gt;Passed&lt;/td&gt;&#34;, &#34;&lt;td class=\&#34;col-testId\&#34;&gt;tests/anarchy_copilot/test_version.py::test_build_info_format&lt;/td&gt;&#34;, &#34;&lt;td class=\&#34;col-duration\&#34;&gt;0 ms&lt;/td&gt;&#34;, &#34;&lt;td class=\&#34;col-links\&#34;&gt;&lt;/td&gt;&#34;], &#34;log&#34;: &#34;No log output captured.&#34;}], &#34;tests/anarchy_copilot/test_version.py::test_dependency_versions_format&#34;: [{&#34;extras&#34;: [], &#34;result&#34;: &#34;Passed&#34;, &#34;testId&#34;: &#34;tests/anarchy_copilot/test_version.py::test_dependency_versions_format&#34;, &#34;duration&#34;: &#34;0 ms&#34;, &#34;resultsTableRow&#34;: [&#34;&lt;td class=\&#34;col-result\&#34;&gt;Passed&lt;/td&gt;&#34;, &#34;&lt;td class=\&#34;col-testId\&#34;&gt;tests/anarchy_copilot/test_version.py::test_dependency_versions_format&lt;/td&gt;&#34;, &#34;&lt;td class=\&#34;col-duration\&#34;&gt;0 ms&lt;/td&gt;&#34;, &#34;&lt;td class=\&#34;col-links\&#34;&gt;&lt;/td&gt;&#34;], &#34;log&#34;: &#34;No log output captured.&#34;}], &#34;tests/examples/test_example.py::test_basic_fixtures&#34;: [{&#34;extras&#34;: [], &#34;result&#34;: &#34;Error&#34;, &#34;testId&#34;: &#34;tests/examples/test_example.py::test_basic_fixtures::setup&#34;, &#34;duration&#34;: &#34;0 ms&#34;, &#34;resultsTableRow&#34;: [&#34;&lt;td class=\&#34;col-result\&#34;&gt;Error&lt;/td&gt;&#34;, &#34;&lt;td class=\&#34;col-testId\&#34;&gt;tests/examples/test_example.py::test_basic_fixtures::setup&lt;/td&gt;&#34;, &#34;&lt;td class=\&#34;col-duration\&#34;&gt;0 ms&lt;/td&gt;&#34;, &#34;&lt;td class=\&#34;col-links\&#34;&gt;&lt;/td&gt;&#34;], &#34;log&#34;: &#34;file /app/tests/examples/test_example.py, line 16\n  def test_basic_fixtures(temp_dir: Path, test_data_dir: Path):\nE       fixture &amp;#x27;temp_dir&amp;#x27; not found\n&amp;gt;       available fixtures: _session_event_loop, anyio_backend, anyio_backend_name, anyio_backend_options, cache, capfd, capfdbinary, caplog, capsys, capsysbinary, class_mocker, cov, doctest_namespace, dummy_config, event_loop, event_loop_policy, example_config, example_dir, example_file, example_helper, example_logger, example_server, extra, extras, include_metadata_in_junit_xml, metadata, mock_datetime, mock_scan_results, mock_target_data, mock_time, mocker, module_mocker, monkeypatch, no_cover, package_mocker, pytestconfig, record_property, record_testsuite_property, record_xml_attribute, recwarn, session_mocker, temp_test_dir, testrun_uid, tests/examples/test_example.py::&amp;lt;event_loop&amp;gt;, tests/examples::&amp;lt;event_loop&amp;gt;, time_helper, tmp_path, tmp_path_factory, tmpdir, tmpdir_factory, unused_tcp_port, unused_tcp_port_factory, unused_udp_port, unused_udp_port_factory, worker_id\n&amp;gt;       use &amp;#x27;pytest --fixtures [testpath]&amp;#x27; for help on them.\n\n/app/tests/examples/test_example.py:16\n&#34;}], &#34;tests/examples/test_example.py::test_environment_setup&#34;: [{&#34;extras&#34;: [], &#34;result&#34;: &#34;Error&#34;, &#34;testId&#34;: &#34;tests/examples/test_example.py::test_environment_setup::setup&#34;, &#34;duration&#34;: &#34;0 ms&#34;, &#34;resultsTableRow&#34;: [&#34;&lt;td class=\&#34;col-result\&#34;&gt;Error&lt;/td&gt;&#34;, &#34;&lt;td class=\&#34;col-testId\&#34;&gt;tests/examples/test_example.py::test_environment_setup::setup&lt;/td&gt;&#34;, &#34;&lt;td class=\&#34;col-duration\&#34;&gt;0 ms&lt;/td&gt;&#34;, &#34;&lt;td class=\&#34;col-links\&#34;&gt;&lt;/td&gt;&#34;], &#34;log&#34;: &#34;file /app/tests/examples/test_example.py, line 26\n  def test_environment_setup(mock_env: Dict[str, str]):\nE       fixture &amp;#x27;mock_env&amp;#x27; not found\n&amp;gt;       available fixtures: _session_event_loop, anyio_backend, anyio_backend_name, anyio_backend_options, cache, capfd, capfdbinary, caplog, capsys, capsysbinary, class_mocker, cov, doctest_namespace, dummy_config, event_loop, event_loop_policy, example_config, example_dir, example_file, example_helper, example_logger, example_server, extra, extras, include_metadata_in_junit_xml, metadata, mock_datetime, mock_scan_results, mock_target_data, mock_time, mocker, module_mocker, monkeypatch, no_cover, package_mocker, pytestconfig, record_property, record_testsuite_property, record_xml_attribute, recwarn, session_mocker, temp_test_dir, testrun_uid, tests/examples/test_example.py::&amp;lt;event_loop&amp;gt;, tests/examples::&amp;lt;event_loop&amp;gt;, time_helper, tmp_path, tmp_path_factory, tmpdir, tmpdir_factory, unused_tcp_port, unused_tcp_port_factory, unused_udp_port, unused_udp_port_factory, worker_id\n&amp;gt;       use &amp;#x27;pytest --fixtures [testpath]&amp;#x27; for help on them.\n\n/app/tests/examples/test_example.py:26\n&#34;}], &#34;tests/examples/test_example.py::test_async_operation&#34;: [{&#34;extras&#34;: [], &#34;result&#34;: &#34;Passed&#34;, &#34;testId&#34;: &#34;tests/examples/test_example.py::test_async_operation&#34;, &#34;duration&#34;: &#34;102 ms&#34;, &#34;resultsTableRow&#34;: [&#34;&lt;td class=\&#34;col-result\&#34;&gt;Passed&lt;/td&gt;&#34;, &#34;&lt;td class=\&#34;col-testId\&#34;&gt;tests/examples/test_example.py::test_async_operation&lt;/td&gt;&#34;, &#34;&lt;td class=\&#34;col-duration\&#34;&gt;102 ms&lt;/td&gt;&#34;, &#34;&lt;td class=\&#34;col-links\&#34;&gt;&lt;/td&gt;&#34;], &#34;log&#34;: &#34;No log output captured.&#34;}], &#34;tests/examples/test_example.py::test_timing_utilities&#34;: [{&#34;extras&#34;: [], &#34;result&#34;: &#34;Error&#34;, &#34;testId&#34;: &#34;tests/examples/test_example.py::test_timing_utilities::setup&#34;, &#34;duration&#34;: &#34;0 ms&#34;, &#34;resultsTableRow&#34;: [&#34;&lt;td class=\&#34;col-result\&#34;&gt;Error&lt;/td&gt;&#34;, &#34;&lt;td class=\&#34;col-testId\&#34;&gt;tests/examples/test_example.py::test_timing_utilities::setup&lt;/td&gt;&#34;, &#34;&lt;td class=\&#34;col-duration\&#34;&gt;0 ms&lt;/td&gt;&#34;, &#34;&lt;td class=\&#34;col-links\&#34;&gt;&lt;/td&gt;&#34;], &#34;log&#34;: &#34;file /app/tests/examples/test_example.py, line 44\n  @pytest.mark.asyncio\n  async def test_timing_utilities(timing_helper):\n      &amp;quot;&amp;quot;&amp;quot;Demonstrate timing utilities.&amp;quot;&amp;quot;&amp;quot;\n      # Test timed execution\n      with timing_helper.timed_execution(expected_duration=0.1, tolerance=0.05):\n          await asyncio.sleep(0.1)\n\n      # Test wait_for condition\n      flag = False\n      async def set_flag():\n          nonlocal flag\n          await asyncio.sleep(0.1)\n          flag = True\n\n      asyncio.create_task(set_flag())\n      assert timing_helper.wait_for(lambda: flag, timeout=1.0)\nE       fixture &amp;#x27;timing_helper&amp;#x27; not found\n&amp;gt;       available fixtures: _session_event_loop, anyio_backend, anyio_backend_name, anyio_backend_options, cache, capfd, capfdbinary, caplog, capsys, capsysbinary, class_mocker, cov, doctest_namespace, dummy_config, event_loop, event_loop_policy, example_config, example_dir, example_file, example_helper, example_logger, example_server, extra, extras, include_metadata_in_junit_xml, metadata, mock_datetime, mock_scan_results, mock_target_data, mock_time, mocker, module_mocker, monkeypatch, no_cover, package_mocker, pytestconfig, record_property, record_testsuite_property, record_xml_attribute, recwarn, session_mocker, temp_test_dir, testrun_uid, tests/examples/test_example.py::&amp;lt;event_loop&amp;gt;, tests/examples::&amp;lt;event_loop&amp;gt;, time_helper, tmp_path, tmp_path_factory, tmpdir, tmpdir_factory, unused_tcp_port, unused_tcp_port_factory, unused_udp_port, unused_udp_port_factory, worker_id\n&amp;gt;       use &amp;#x27;pytest --fixtures [testpath]&amp;#x27; for help on them.\n\n/app/tests/examples/test_example.py:44\n&#34;}], &#34;tests/examples/test_example.py::test_unit_example&#34;: [{&#34;extras&#34;: [], &#34;result&#34;: &#34;Passed&#34;, &#34;testId&#34;: &#34;tests/examples/test_example.py::test_unit_example&#34;, &#34;duration&#34;: &#34;0 ms&#34;, &#34;resultsTableRow&#34;: [&#34;&lt;td class=\&#34;col-result\&#34;&gt;Passed&lt;/td&gt;&#34;, &#34;&lt;td class=\&#34;col-testId\&#34;&gt;tests/examples/test_example.py::test_unit_example&lt;/td&gt;&#34;, &#34;&lt;td class=\&#34;col-duration\&#34;&gt;0 ms&lt;/td&gt;&#34;, &#34;&lt;td class=\&#34;col-links\&#34;&gt;&lt;/td&gt;&#34;], &#34;log&#34;: &#34;No log output captured.&#34;}], &#34;tests/examples/test_example.py::test_integration_example&#34;: [{&#34;extras&#34;: [], &#34;result&#34;: &#34;Error&#34;, &#34;testId&#34;: &#34;tests/examples/test_example.py::test_integration_example::setup&#34;, &#34;duration&#34;: &#34;0 ms&#34;, &#34;resultsTableRow&#34;: [&#34;&lt;td class=\&#34;col-result\&#34;&gt;Error&lt;/td&gt;&#34;, &#34;&lt;td class=\&#34;col-testId\&#34;&gt;tests/examples/test_example.py::test_integration_example::setup&lt;/td&gt;&#34;, &#34;&lt;td class=\&#34;col-duration\&#34;&gt;0 ms&lt;/td&gt;&#34;, &#34;&lt;td class=\&#34;col-links\&#34;&gt;&lt;/td&gt;&#34;], &#34;log&#34;: &#34;file /app/tests/examples/test_example.py, line 70\n  @pytest.mark.integration\n  def test_integration_example(nuclei_templates_dir: Path):\nE       fixture &amp;#x27;nuclei_templates_dir&amp;#x27; not found\n&amp;gt;       available fixtures: _session_event_loop, anyio_backend, anyio_backend_name, anyio_backend_options, cache, capfd, capfdbinary, caplog, capsys, capsysbinary, class_mocker, cov, doctest_namespace, dummy_config, event_loop, event_loop_policy, example_config, example_dir, example_file, example_helper, example_logger, example_server, extra, extras, include_metadata_in_junit_xml, metadata, mock_datetime, mock_scan_results, mock_target_data, mock_time, mocker, module_mocker, monkeypatch, no_cover, package_mocker, pytestconfig, record_property, record_testsuite_property, record_xml_attribute, recwarn, session_mocker, temp_test_dir, testrun_uid, tests/examples/test_example.py::&amp;lt;event_loop&amp;gt;, tests/examples::&amp;lt;event_loop&amp;gt;, time_helper, tmp_path, tmp_path_factory, tmpdir, tmpdir_factory, unused_tcp_port, unused_tcp_port_factory, unused_udp_port, unused_udp_port_factory, worker_id\n&amp;gt;       use &amp;#x27;pytest --fixtures [testpath]&amp;#x27; for help on them.\n\n/app/tests/examples/test_example.py:70\n&#34;}], &#34;tests/examples/test_example.py::test_slow_operation&#34;: [{&#34;extras&#34;: [], &#34;result&#34;: &#34;Error&#34;, &#34;testId&#34;: &#34;tests/examples/test_example.py::test_slow_operation::setup&#34;, &#34;duration&#34;: &#34;0 ms&#34;, &#34;resultsTableRow&#34;: [&#34;&lt;td class=\&#34;col-result\&#34;&gt;Error&lt;/td&gt;&#34;, &#34;&lt;td class=\&#34;col-testId\&#34;&gt;tests/examples/test_example.py::test_slow_operation::setup&lt;/td&gt;&#34;, &#34;&lt;td class=\&#34;col-duration\&#34;&gt;0 ms&lt;/td&gt;&#34;, &#34;&lt;td class=\&#34;col-links\&#34;&gt;&lt;/td&gt;&#34;], &#34;log&#34;: &#34;file /app/tests/examples/test_example.py, line 77\n  @pytest.mark.slow\n  def test_slow_operation(timing_helper):\nE       fixture &amp;#x27;timing_helper&amp;#x27; not found\n&amp;gt;       available fixtures: _session_event_loop, anyio_backend, anyio_backend_name, anyio_backend_options, cache, capfd, capfdbinary, caplog, capsys, capsysbinary, class_mocker, cov, doctest_namespace, dummy_config, event_loop, event_loop_policy, example_config, example_dir, example_file, example_helper, example_logger, example_server, extra, extras, include_metadata_in_junit_xml, metadata, mock_datetime, mock_scan_results, mock_target_data, mock_time, mocker, module_mocker, monkeypatch, no_cover, package_mocker, pytestconfig, record_property, record_testsuite_property, record_xml_attribute, recwarn, session_mocker, temp_test_dir, testrun_uid, tests/examples/test_example.py::&amp;lt;event_loop&amp;gt;, tests/examples::&amp;lt;event_loop&amp;gt;, time_helper, tmp_path, tmp_path_factory, tmpdir, tmpdir_factory, unused_tcp_port, unused_tcp_port_factory, unused_udp_port, unused_udp_port_factory, worker_id\n&amp;gt;       use &amp;#x27;pytest --fixtures [testpath]&amp;#x27; for help on them.\n\n/app/tests/examples/test_example.py:77\n&#34;}], &#34;tests/examples/test_example.py::test_network_operation&#34;: [{&#34;extras&#34;: [], &#34;result&#34;: &#34;Passed&#34;, &#34;testId&#34;: &#34;tests/examples/test_example.py::test_network_operation&#34;, &#34;duration&#34;: &#34;33 ms&#34;, &#34;resultsTableRow&#34;: [&#34;&lt;td class=\&#34;col-result\&#34;&gt;Passed&lt;/td&gt;&#34;, &#34;&lt;td class=\&#34;col-testId\&#34;&gt;tests/examples/test_example.py::test_network_operation&lt;/td&gt;&#34;, &#34;&lt;td class=\&#34;col-duration\&#34;&gt;33 ms&lt;/td&gt;&#34;, &#34;&lt;td class=\&#34;col-links\&#34;&gt;&lt;/td&gt;&#34;], &#34;log&#34;: &#34;No log output captured.&#34;}], &#34;tests/examples/test_example.py::test_timeout_handling&#34;: [{&#34;extras&#34;: [], &#34;result&#34;: &#34;Error&#34;, &#34;testId&#34;: &#34;tests/examples/test_example.py::test_timeout_handling::setup&#34;, &#34;duration&#34;: &#34;0 ms&#34;, &#34;resultsTableRow&#34;: [&#34;&lt;td class=\&#34;col-result\&#34;&gt;Error&lt;/td&gt;&#34;, &#34;&lt;td class=\&#34;col-testId\&#34;&gt;tests/examples/test_example.py::test_timeout_handling::setup&lt;/td&gt;&#34;, &#34;&lt;td class=\&#34;col-duration\&#34;&gt;0 ms&lt;/td&gt;&#34;, &#34;&lt;td class=\&#34;col-links\&#34;&gt;&lt;/td&gt;&#34;], &#34;log&#34;: &#34;file /app/tests/examples/test_example.py, line 95\n  def test_timeout_handling(strict_timeout):\nE       fixture &amp;#x27;strict_timeout&amp;#x27; not found\n&amp;gt;       available fixtures: _session_event_loop, anyio_backend, anyio_backend_name, anyio_backend_options, cache, capfd, capfdbinary, caplog, capsys, capsysbinary, class_mocker, cov, doctest_namespace, dummy_config, event_loop, event_loop_policy, example_config, example_dir, example_file, example_helper, example_logger, example_server, extra, extras, include_metadata_in_junit_xml, metadata, mock_datetime, mock_scan_results, mock_target_data, mock_time, mocker, module_mocker, monkeypatch, no_cover, package_mocker, pytestconfig, record_property, record_testsuite_property, record_xml_attribute, recwarn, session_mocker, temp_test_dir, testrun_uid, tests/examples/test_example.py::&amp;lt;event_loop&amp;gt;, tests/examples::&amp;lt;event_loop&amp;gt;, time_helper, tmp_path, tmp_path_factory, tmpdir, tmpdir_factory, unused_tcp_port, unused_tcp_port_factory, unused_udp_port, unused_udp_port_factory, worker_id\n&amp;gt;       use &amp;#x27;pytest --fixtures [testpath]&amp;#x27; for help on them.\n\n/app/tests/examples/test_example.py:95\n&#34;}], &#34;tests/examples/test_example.py::TestExamplePatterns::test_file_operations&#34;: [{&#34;extras&#34;: [], &#34;result&#34;: &#34;Error&#34;, &#34;testId&#34;: &#34;tests/examples/test_example.py::TestExamplePatterns::test_file_operations::setup&#34;, &#34;duration&#34;: &#34;0 ms&#34;, &#34;resultsTableRow&#34;: [&#34;&lt;td class=\&#34;col-result\&#34;&gt;Error&lt;/td&gt;&#34;, &#34;&lt;td class=\&#34;col-testId\&#34;&gt;tests/examples/test_example.py::TestExamplePatterns::test_file_operations::setup&lt;/td&gt;&#34;, &#34;&lt;td class=\&#34;col-duration\&#34;&gt;0 ms&lt;/td&gt;&#34;, &#34;&lt;td class=\&#34;col-links\&#34;&gt;&lt;/td&gt;&#34;], &#34;log&#34;: &#34;file /app/tests/examples/test_example.py, line 127\n      def test_file_operations(self):\nfile /app/tests/examples/test_example.py, line 114\n      @pytest.fixture(autouse=True)\n      def setup(self, temp_dir: Path):\nE       fixture &amp;#x27;temp_dir&amp;#x27; not found\n&amp;gt;       available fixtures: _session_event_loop, anyio_backend, anyio_backend_name, anyio_backend_options, cache, capfd, capfdbinary, caplog, capsys, capsysbinary, class_mocker, cov, doctest_namespace, dummy_config, event_loop, event_loop_policy, example_config, example_dir, example_file, example_helper, example_logger, example_server, extra, extras, include_metadata_in_junit_xml, metadata, mock_datetime, mock_scan_results, mock_target_data, mock_time, mocker, module_mocker, monkeypatch, no_cover, package_mocker, pytestconfig, record_property, record_testsuite_property, record_xml_attribute, recwarn, session_mocker, setup, temp_test_dir, testrun_uid, tests/examples/test_example.py::&amp;lt;event_loop&amp;gt;, tests/examples/test_example.py::TestExamplePatterns::&amp;lt;event_loop&amp;gt;, tests/examples::&amp;lt;event_loop&amp;gt;, time_helper, tmp_path, tmp_path_factory, tmpdir, tmpdir_factory, unused_tcp_port, unused_tcp_port_factory, unused_udp_port, unused_udp_port_factory, worker_id\n&amp;gt;       use &amp;#x27;pytest --fixtures [testpath]&amp;#x27; for help on them.\n\n/app/tests/examples/test_example.py:114\n&#34;}], &#34;tests/examples/test_example.py::TestExamplePatterns::test_parameterized_example[test1-5]&#34;: [{&#34;extras&#34;: [], &#34;result&#34;: &#34;Error&#34;, &#34;testId&#34;: &#34;tests/examples/test_example.py::TestExamplePatterns::test_parameterized_example[test1-5]::setup&#34;, &#34;duration&#34;: &#34;0 ms&#34;, &#34;resultsTableRow&#34;: [&#34;&lt;td class=\&#34;col-result\&#34;&gt;Error&lt;/td&gt;&#34;, &#34;&lt;td class=\&#34;col-testId\&#34;&gt;tests/examples/test_example.py::TestExamplePatterns::test_parameterized_example[test1-5]::setup&lt;/td&gt;&#34;, &#34;&lt;td class=\&#34;col-duration\&#34;&gt;0 ms&lt;/td&gt;&#34;, &#34;&lt;td class=\&#34;col-links\&#34;&gt;&lt;/td&gt;&#34;], &#34;log&#34;: &#34;file /app/tests/examples/test_example.py, line 132\n      @pytest.mark.parametrize(&amp;quot;content,expected&amp;quot;, [\n          (&amp;quot;test1&amp;quot;, 5),\n          (&amp;quot;test22&amp;quot;, 6),\n          (&amp;quot;&amp;quot;, 0)\n      ])\n      def test_parameterized_example(self, content: str, expected: int):\nfile /app/tests/examples/test_example.py, line 114\n      @pytest.fixture(autouse=True)\n      def setup(self, temp_dir: Path):\nE       fixture &amp;#x27;temp_dir&amp;#x27; not found\n&amp;gt;       available fixtures: _session_event_loop, anyio_backend, anyio_backend_name, anyio_backend_options, cache, capfd, capfdbinary, caplog, capsys, capsysbinary, class_mocker, cov, doctest_namespace, dummy_config, event_loop, event_loop_policy, example_config, example_dir, example_file, example_helper, example_logger, example_server, extra, extras, include_metadata_in_junit_xml, metadata, mock_datetime, mock_scan_results, mock_target_data, mock_time, mocker, module_mocker, monkeypatch, no_cover, package_mocker, pytestconfig, record_property, record_testsuite_property, record_xml_attribute, recwarn, session_mocker, setup, temp_test_dir, testrun_uid, tests/examples/test_example.py::&amp;lt;event_loop&amp;gt;, tests/examples/test_example.py::TestExamplePatterns::&amp;lt;event_loop&amp;gt;, tests/examples::&amp;lt;event_loop&amp;gt;, time_helper, tmp_path, tmp_path_factory, tmpdir, tmpdir_factory, unused_tcp_port, unused_tcp_port_factory, unused_udp_port, unused_udp_port_factory, worker_id\n&amp;gt;       use &amp;#x27;pytest --fixtures [testpath]&amp;#x27; for help on them.\n\n/app/tests/examples/test_example.py:114\n&#34;}], &#34;tests/examples/test_example.py::TestExamplePatterns::test_parameterized_example[test22-6]&#34;: [{&#34;extras&#34;: [], &#34;result&#34;: &#34;Error&#34;, &#34;testId&#34;: &#34;tests/examples/test_example.py::TestExamplePatterns::test_parameterized_example[test22-6]::setup&#34;, &#34;duration&#34;: &#34;0 ms&#34;, &#34;resultsTableRow&#34;: [&#34;&lt;td class=\&#34;col-result\&#34;&gt;Error&lt;/td&gt;&#34;, &#34;&lt;td class=\&#34;col-testId\&#34;&gt;tests/examples/test_example.py::TestExamplePatterns::test_parameterized_example[test22-6]::setup&lt;/td&gt;&#34;, &#34;&lt;td class=\&#34;col-duration\&#34;&gt;0 ms&lt;/td&gt;&#34;, &#34;&lt;td class=\&#34;col-links\&#34;&gt;&lt;/td&gt;&#34;], &#34;log&#34;: &#34;file /app/tests/examples/test_example.py, line 132\n      @pytest.mark.parametrize(&amp;quot;content,expected&amp;quot;, [\n          (&amp;quot;test1&amp;quot;, 5),\n          (&amp;quot;test22&amp;quot;, 6),\n          (&amp;quot;&amp;quot;, 0)\n      ])\n      def test_parameterized_example(self, content: str, expected: int):\nfile /app/tests/examples/test_example.py, line 114\n      @pytest.fixture(autouse=True)\n      def setup(self, temp_dir: Path):\nE       fixture &amp;#x27;temp_dir&amp;#x27; not found\n&amp;gt;       available fixtures: _session_event_loop, anyio_backend, anyio_backend_name, anyio_backend_options, cache, capfd, capfdbinary, caplog, capsys, capsysbinary, class_mocker, cov, doctest_namespace, dummy_config, event_loop, event_loop_policy, example_config, example_dir, example_file, example_helper, example_logger, example_server, extra, extras, include_metadata_in_junit_xml, metadata, mock_datetime, mock_scan_results, mock_target_data, mock_time, mocker, module_mocker, monkeypatch, no_cover, package_mocker, pytestconfig, record_property, record_testsuite_property, record_xml_attribute, recwarn, session_mocker, setup, temp_test_dir, testrun_uid, tests/examples/test_example.py::&amp;lt;event_loop&amp;gt;, tests/examples/test_example.py::TestExamplePatterns::&amp;lt;event_loop&amp;gt;, tests/examples::&amp;lt;event_loop&amp;gt;, time_helper, tmp_path, tmp_path_factory, tmpdir, tmpdir_factory, unused_tcp_port, unused_tcp_port_factory, unused_udp_port, unused_udp_port_factory, worker_id\n&amp;gt;       use &amp;#x27;pytest --fixtures [testpath]&amp;#x27; for help on them.\n\n/app/tests/examples/test_example.py:114\n&#34;}], &#34;tests/examples/test_example.py::TestExamplePatterns::test_parameterized_example[-0]&#34;: [{&#34;extras&#34;: [], &#34;result&#34;: &#34;Error&#34;, &#34;testId&#34;: &#34;tests/examples/test_example.py::TestExamplePatterns::test_parameterized_example[-0]::setup&#34;, &#34;duration&#34;: &#34;0 ms&#34;, &#34;resultsTableRow&#34;: [&#34;&lt;td class=\&#34;col-result\&#34;&gt;Error&lt;/td&gt;&#34;, &#34;&lt;td class=\&#34;col-testId\&#34;&gt;tests/examples/test_example.py::TestExamplePatterns::test_parameterized_example[-0]::setup&lt;/td&gt;&#34;, &#34;&lt;td class=\&#34;col-duration\&#34;&gt;0 ms&lt;/td&gt;&#34;, &#34;&lt;td class=\&#34;col-links\&#34;&gt;&lt;/td&gt;&#34;], &#34;log&#34;: &#34;file /app/tests/examples/test_example.py, line 132\n      @pytest.mark.parametrize(&amp;quot;content,expected&amp;quot;, [\n          (&amp;quot;test1&amp;quot;, 5),\n          (&amp;quot;test22&amp;quot;, 6),\n          (&amp;quot;&amp;quot;, 0)\n      ])\n      def test_parameterized_example(self, content: str, expected: int):\nfile /app/tests/examples/test_example.py, line 114\n      @pytest.fixture(autouse=True)\n      def setup(self, temp_dir: Path):\nE       fixture &amp;#x27;temp_dir&amp;#x27; not found\n&amp;gt;       available fixtures: _session_event_loop, anyio_backend, anyio_backend_name, anyio_backend_options, cache, capfd, capfdbinary, caplog, capsys, capsysbinary, class_mocker, cov, doctest_namespace, dummy_config, event_loop, event_loop_policy, example_config, example_dir, example_file, example_helper, example_logger, example_server, extra, extras, include_metadata_in_junit_xml, metadata, mock_datetime, mock_scan_results, mock_target_data, mock_time, mocker, module_mocker, monkeypatch, no_cover, package_mocker, pytestconfig, record_property, record_testsuite_property, record_xml_attribute, recwarn, session_mocker, setup, temp_test_dir, testrun_uid, tests/examples/test_example.py::&amp;lt;event_loop&amp;gt;, tests/examples/test_example.py::TestExamplePatterns::&amp;lt;event_loop&amp;gt;, tests/examples::&amp;lt;event_loop&amp;gt;, time_helper, tmp_path, tmp_path_factory, tmpdir, tmpdir_factory, unused_tcp_port, unused_tcp_port_factory, unused_udp_port, unused_udp_port_factory, worker_id\n&amp;gt;       use &amp;#x27;pytest --fixtures [testpath]&amp;#x27; for help on them.\n\n/app/tests/examples/test_example.py:114\n&#34;}], &#34;tests/examples/test_example.py::TestExamplePatterns::test_error_handling&#34;: [{&#34;extras&#34;: [], &#34;result&#34;: &#34;Error&#34;, &#34;testId&#34;: &#34;tests/examples/test_example.py::TestExamplePatterns::test_error_handling::setup&#34;, &#34;duration&#34;: &#34;0 ms&#34;, &#34;resultsTableRow&#34;: [&#34;&lt;td class=\&#34;col-result\&#34;&gt;Error&lt;/td&gt;&#34;, &#34;&lt;td class=\&#34;col-testId\&#34;&gt;tests/examples/test_example.py::TestExamplePatterns::test_error_handling::setup&lt;/td&gt;&#34;, &#34;&lt;td class=\&#34;col-duration\&#34;&gt;0 ms&lt;/td&gt;&#34;, &#34;&lt;td class=\&#34;col-links\&#34;&gt;&lt;/td&gt;&#34;], &#34;log&#34;: &#34;file /app/tests/examples/test_example.py, line 142\n      def test_error_handling(self):\nfile /app/tests/examples/test_example.py, line 114\n      @pytest.fixture(autouse=True)\n      def setup(self, temp_dir: Path):\nE       fixture &amp;#x27;temp_dir&amp;#x27; not found\n&amp;gt;       available fixtures: _session_event_loop, anyio_backend, anyio_backend_name, anyio_backend_options, cache, capfd, capfdbinary, caplog, capsys, capsysbinary, class_mocker, cov, doctest_namespace, dummy_config, event_loop, event_loop_policy, example_config, example_dir, example_file, example_helper, example_logger, example_server, extra, extras, include_metadata_in_junit_xml, metadata, mock_datetime, mock_scan_results, mock_target_data, mock_time, mocker, module_mocker, monkeypatch, no_cover, package_mocker, pytestconfig, record_property, record_testsuite_property, record_xml_attribute, recwarn, session_mocker, setup, temp_test_dir, testrun_uid, tests/examples/test_example.py::&amp;lt;event_loop&amp;gt;, tests/examples/test_example.py::TestExamplePatterns::&amp;lt;event_loop&amp;gt;, tests/examples::&amp;lt;event_loop&amp;gt;, time_helper, tmp_path, tmp_path_factory, tmpdir, tmpdir_factory, unused_tcp_port, unused_tcp_port_factory, unused_udp_port, unused_udp_port_factory, worker_id\n&amp;gt;       use &amp;#x27;pytest --fixtures [testpath]&amp;#x27; for help on them.\n\n/app/tests/examples/test_example.py:114\n&#34;}], &#34;tests/examples/test_example.py::test_logging&#34;: [{&#34;extras&#34;: [], &#34;result&#34;: &#34;Passed&#34;, &#34;testId&#34;: &#34;tests/examples/test_example.py::test_logging&#34;, &#34;duration&#34;: &#34;1 ms&#34;, &#34;resultsTableRow&#34;: [&#34;&lt;td class=\&#34;col-result\&#34;&gt;Passed&lt;/td&gt;&#34;, &#34;&lt;td class=\&#34;col-testId\&#34;&gt;tests/examples/test_example.py::test_logging&lt;/td&gt;&#34;, &#34;&lt;td class=\&#34;col-duration\&#34;&gt;1 ms&lt;/td&gt;&#34;, &#34;&lt;td class=\&#34;col-links\&#34;&gt;&lt;/td&gt;&#34;], &#34;log&#34;: &#34;------------------------------ Captured log call -------------------------------\nDEBUG    app.tests.examples.test_example:test_example.py:161 Debug message\nINFO     app.tests.examples.test_example:test_example.py:162 Info message\nWARNING  app.tests.examples.test_example:test_example.py:163 Warning message\n\n&#34;}], &#34;tests/tools/templates/test_templates.py::test_template_directories&#34;: [{&#34;extras&#34;: [], &#34;result&#34;: &#34;Passed&#34;, &#34;testId&#34;: &#34;tests/tools/templates/test_templates.py::test_template_directories&#34;, &#34;duration&#34;: &#34;3 ms&#34;, &#34;resultsTableRow&#34;: [&#34;&lt;td class=\&#34;col-result\&#34;&gt;Passed&lt;/td&gt;&#34;, &#34;&lt;td class=\&#34;col-testId\&#34;&gt;tests/tools/templates/test_templates.py::test_template_directories&lt;/td&gt;&#34;, &#34;&lt;td class=\&#34;col-duration\&#34;&gt;3 ms&lt;/td&gt;&#34;, &#34;&lt;td class=\&#34;col-links\&#34;&gt;&lt;/td&gt;&#34;], &#34;log&#34;: &#34;No log output captured.&#34;}], &#34;tests/tools/templates/test_templates.py::test_copy_assets&#34;: [{&#34;extras&#34;: [], &#34;result&#34;: &#34;Passed&#34;, &#34;testId&#34;: &#34;tests/tools/templates/test_templates.py::test_copy_assets&#34;, &#34;duration&#34;: &#34;4 ms&#34;, &#34;resultsTableRow&#34;: [&#34;&lt;td class=\&#34;col-result\&#34;&gt;Passed&lt;/td&gt;&#34;, &#34;&lt;td class=\&#34;col-testId\&#34;&gt;tests/tools/templates/test_templates.py::test_copy_assets&lt;/td&gt;&#34;, &#34;&lt;td class=\&#34;col-duration\&#34;&gt;4 ms&lt;/td&gt;&#34;, &#34;&lt;td class=\&#34;col-links\&#34;&gt;&lt;/td&gt;&#34;], &#34;log&#34;: &#34;No log output captured.&#34;}], &#34;tests/tools/templates/test_templates.py::test_jinja_env&#34;: [{&#34;extras&#34;: [], &#34;result&#34;: &#34;Passed&#34;, &#34;testId&#34;: &#34;tests/tools/templates/test_templates.py::test_jinja_env&#34;, &#34;duration&#34;: &#34;0 ms&#34;, &#34;resultsTableRow&#34;: [&#34;&lt;td class=\&#34;col-result\&#34;&gt;Passed&lt;/td&gt;&#34;, &#34;&lt;td class=\&#34;col-testId\&#34;&gt;tests/tools/templates/test_templates.py::test_jinja_env&lt;/td&gt;&#34;, &#34;&lt;td class=\&#34;col-duration\&#34;&gt;0 ms&lt;/td&gt;&#34;, &#34;&lt;td class=\&#34;col-links\&#34;&gt;&lt;/td&gt;&#34;], &#34;log&#34;: &#34;No log output captured.&#34;}], &#34;tests/tools/templates/test_templates.py::test_template_rendering&#34;: [{&#34;extras&#34;: [], &#34;result&#34;: &#34;Passed&#34;, &#34;testId&#34;: &#34;tests/tools/templates/test_templates.py::test_template_rendering&#34;, &#34;duration&#34;: &#34;80 ms&#34;, &#34;resultsTableRow&#34;: [&#34;&lt;td class=\&#34;col-result\&#34;&gt;Passed&lt;/td&gt;&#34;, &#34;&lt;td class=\&#34;col-testId\&#34;&gt;tests/tools/templates/test_templates.py::test_template_rendering&lt;/td&gt;&#34;, &#34;&lt;td class=\&#34;col-duration\&#34;&gt;80 ms&lt;/td&gt;&#34;, &#34;&lt;td class=\&#34;col-links\&#34;&gt;&lt;/td&gt;&#34;], &#34;log&#34;: &#34;No log output captured.&#34;}], &#34;tests/tools/templates/test_templates.py::test_template_renderer&#34;: [{&#34;extras&#34;: [], &#34;result&#34;: &#34;Passed&#34;, &#34;testId&#34;: &#34;tests/tools/templates/test_templates.py::test_template_renderer&#34;, &#34;duration&#34;: &#34;15 ms&#34;, &#34;resultsTableRow&#34;: [&#34;&lt;td class=\&#34;col-result\&#34;&gt;Passed&lt;/td&gt;&#34;, &#34;&lt;td class=\&#34;col-testId\&#34;&gt;tests/tools/templates/test_templates.py::test_template_renderer&lt;/td&gt;&#34;, &#34;&lt;td class=\&#34;col-duration\&#34;&gt;15 ms&lt;/td&gt;&#34;, &#34;&lt;td class=\&#34;col-links\&#34;&gt;&lt;/td&gt;&#34;], &#34;log&#34;: &#34;No log output captured.&#34;}], &#34;tests/tools/templates/test_templates.py::test_template_access&#34;: [{&#34;extras&#34;: [], &#34;result&#34;: &#34;Passed&#34;, &#34;testId&#34;: &#34;tests/tools/templates/test_templates.py::test_template_access&#34;, &#34;duration&#34;: &#34;12 ms&#34;, &#34;resultsTableRow&#34;: [&#34;&lt;td class=\&#34;col-result\&#34;&gt;Passed&lt;/td&gt;&#34;, &#34;&lt;td class=\&#34;col-testId\&#34;&gt;tests/tools/templates/test_templates.py::test_template_access&lt;/td&gt;&#34;, &#34;&lt;td class=\&#34;col-duration\&#34;&gt;12 ms&lt;/td&gt;&#34;, &#34;&lt;td class=\&#34;col-links\&#34;&gt;&lt;/td&gt;&#34;], &#34;log&#34;: &#34;No log output captured.&#34;}], &#34;tests/tools/templates/test_templates.py::test_renderer_with_custom_dir&#34;: [{&#34;extras&#34;: [], &#34;result&#34;: &#34;Passed&#34;, &#34;testId&#34;: &#34;tests/tools/templates/test_templates.py::test_renderer_with_custom_dir&#34;, &#34;duration&#34;: &#34;2 ms&#34;, &#34;resultsTableRow&#34;: [&#34;&lt;td class=\&#34;col-result\&#34;&gt;Passed&lt;/td&gt;&#34;, &#34;&lt;td class=\&#34;col-testId\&#34;&gt;tests/tools/templates/test_templates.py::test_renderer_with_custom_dir&lt;/td&gt;&#34;, &#34;&lt;td class=\&#34;col-duration\&#34;&gt;2 ms&lt;/td&gt;&#34;, &#34;&lt;td class=\&#34;col-links\&#34;&gt;&lt;/td&gt;&#34;], &#34;log&#34;: &#34;No log output captured.&#34;}], &#34;tests/tools/templates/test_templates.py::test_number_formatting[test_input0-123.5]&#34;: [{&#34;extras&#34;: [], &#34;result&#34;: &#34;Passed&#34;, &#34;testId&#34;: &#34;tests/tools/templates/test_templates.py::test_number_formatting[test_input0-123.5]&#34;, &#34;duration&#34;: &#34;1 ms&#34;, &#34;resultsTableRow&#34;: [&#34;&lt;td class=\&#34;col-result\&#34;&gt;Passed&lt;/td&gt;&#34;, &#34;&lt;td class=\&#34;col-testId\&#34;&gt;tests/tools/templates/test_templates.py::test_number_formatting[test_input0-123.5]&lt;/td&gt;&#34;, &#34;&lt;td class=\&#34;col-duration\&#34;&gt;1 ms&lt;/td&gt;&#34;, &#34;&lt;td class=\&#34;col-links\&#34;&gt;&lt;/td&gt;&#34;], &#34;log&#34;: &#34;No log output captured.&#34;}], &#34;tests/tools/templates/test_templates.py::test_number_formatting[test_input1-1.0]&#34;: [{&#34;extras&#34;: [], &#34;result&#34;: &#34;Passed&#34;, &#34;testId&#34;: &#34;tests/tools/templates/test_templates.py::test_number_formatting[test_input1-1.0]&#34;, &#34;duration&#34;: &#34;1 ms&#34;, &#34;resultsTableRow&#34;: [&#34;&lt;td class=\&#34;col-result\&#34;&gt;Passed&lt;/td&gt;&#34;, &#34;&lt;td class=\&#34;col-testId\&#34;&gt;tests/tools/templates/test_templates.py::test_number_formatting[test_input1-1.0]&lt;/td&gt;&#34;, &#34;&lt;td class=\&#34;col-duration\&#34;&gt;1 ms&lt;/td&gt;&#34;, &#34;&lt;td class=\&#34;col-links\&#34;&gt;&lt;/td&gt;&#34;], &#34;log&#34;: &#34;No log output captured.&#34;}], &#34;tests/tools/templates/test_templates.py::test_number_formatting[test_input2-0.0]&#34;: [{&#34;extras&#34;: [], &#34;result&#34;: &#34;Passed&#34;, &#34;testId&#34;: &#34;tests/tools/templates/test_templates.py::test_number_formatting[test_input2-0.0]&#34;, &#34;duration&#34;: &#34;1 ms&#34;, &#34;resultsTableRow&#34;: [&#34;&lt;td class=\&#34;col-result\&#34;&gt;Passed&lt;/td&gt;&#34;, &#34;&lt;td class=\&#34;col-testId\&#34;&gt;tests/tools/templates/test_templates.py::test_number_formatting[test_input2-0.0]&lt;/td&gt;&#34;, &#34;&lt;td class=\&#34;col-duration\&#34;&gt;1 ms&lt;/td&gt;&#34;, &#34;&lt;td class=\&#34;col-links\&#34;&gt;&lt;/td&gt;&#34;], &#34;log&#34;: &#34;No log output captured.&#34;}], &#34;tests/tools/templates/test_templates.py::test_error_handling&#34;: [{&#34;extras&#34;: [], &#34;result&#34;: &#34;Passed&#34;, &#34;testId&#34;: &#34;tests/tools/templates/test_templates.py::test_error_handling&#34;, &#34;duration&#34;: &#34;12 ms&#34;, &#34;resultsTableRow&#34;: [&#34;&lt;td class=\&#34;col-result\&#34;&gt;Passed&lt;/td&gt;&#34;, &#34;&lt;td class=\&#34;col-testId\&#34;&gt;tests/tools/templates/test_templates.py::test_error_handling&lt;/td&gt;&#34;, &#34;&lt;td class=\&#34;col-duration\&#34;&gt;12 ms&lt;/td&gt;&#34;, &#34;&lt;td class=\&#34;col-links\&#34;&gt;&lt;/td&gt;&#34;], &#34;log&#34;: &#34;No log output captured.&#34;}], &#34;tests/tools/templates/test_templates.py::test_template_caching&#34;: [{&#34;extras&#34;: [], &#34;result&#34;: &#34;Passed&#34;, &#34;testId&#34;: &#34;tests/tools/templates/test_templates.py::test_template_caching&#34;, &#34;duration&#34;: &#34;11 ms&#34;, &#34;resultsTableRow&#34;: [&#34;&lt;td class=\&#34;col-result\&#34;&gt;Passed&lt;/td&gt;&#34;, &#34;&lt;td class=\&#34;col-testId\&#34;&gt;tests/tools/templates/test_templates.py::test_template_caching&lt;/td&gt;&#34;, &#34;&lt;td class=\&#34;col-duration\&#34;&gt;11 ms&lt;/td&gt;&#34;, &#34;&lt;td class=\&#34;col-links\&#34;&gt;&lt;/td&gt;&#34;], &#34;log&#34;: &#34;No log output captured.&#34;}], &#34;tests/tools/templates/test_templates.py::test_large_dataset&#34;: [{&#34;extras&#34;: [], &#34;result&#34;: &#34;Passed&#34;, &#34;testId&#34;: &#34;tests/tools/templates/test_templates.py::test_large_dataset&#34;, &#34;duration&#34;: &#34;18 ms&#34;, &#34;resultsTableRow&#34;: [&#34;&lt;td class=\&#34;col-result\&#34;&gt;Passed&lt;/td&gt;&#34;, &#34;&lt;td class=\&#34;col-testId\&#34;&gt;tests/tools/templates/test_templates.py::test_large_dataset&lt;/td&gt;&#34;, &#34;&lt;td class=\&#34;col-duration\&#34;&gt;18 ms&lt;/td&gt;&#34;, &#34;&lt;td class=\&#34;col-links\&#34;&gt;&lt;/td&gt;&#34;], &#34;log&#34;: &#34;No log output captured.&#34;}], &#34;tests/tools/test_template_validator.py::test_validator_initialization&#34;: [{&#34;extras&#34;: [], &#34;result&#34;: &#34;Passed&#34;, &#34;testId&#34;: &#34;tests/tools/test_template_validator.py::test_validator_initialization&#34;, &#34;duration&#34;: &#34;4 ms&#34;, &#34;resultsTableRow&#34;: [&#34;&lt;td class=\&#34;col-result\&#34;&gt;Passed&lt;/td&gt;&#34;, &#34;&lt;td class=\&#34;col-testId\&#34;&gt;tests/tools/test_template_validator.py::test_validator_initialization&lt;/td&gt;&#34;, &#34;&lt;td class=\&#34;col-duration\&#34;&gt;4 ms&lt;/td&gt;&#34;, &#34;&lt;td class=\&#34;col-links\&#34;&gt;&lt;/td&gt;&#34;], &#34;log&#34;: &#34;No log output captured.&#34;}], &#34;tests/tools/test_template_validator.py::test_verify_nuclei_installation&#34;: [{&#34;extras&#34;: [], &#34;result&#34;: &#34;Passed&#34;, &#34;testId&#34;: &#34;tests/tools/test_template_validator.py::test_verify_nuclei_installation&#34;, &#34;duration&#34;: &#34;4 ms&#34;, &#34;resultsTableRow&#34;: [&#34;&lt;td class=\&#34;col-result\&#34;&gt;Passed&lt;/td&gt;&#34;, &#34;&lt;td class=\&#34;col-testId\&#34;&gt;tests/tools/test_template_validator.py::test_verify_nuclei_installation&lt;/td&gt;&#34;, &#34;&lt;td class=\&#34;col-duration\&#34;&gt;4 ms&lt;/td&gt;&#34;, &#34;&lt;td class=\&#34;col-links\&#34;&gt;&lt;/td&gt;&#34;], &#34;log&#34;: &#34;No log output captured.&#34;}], &#34;tests/tools/test_template_validator.py::test_validate_template&#34;: [{&#34;extras&#34;: [], &#34;result&#34;: &#34;Passed&#34;, &#34;testId&#34;: &#34;tests/tools/test_template_validator.py::test_validate_template&#34;, &#34;duration&#34;: &#34;5 ms&#34;, &#34;resultsTableRow&#34;: [&#34;&lt;td class=\&#34;col-result\&#34;&gt;Passed&lt;/td&gt;&#34;, &#34;&lt;td class=\&#34;col-testId\&#34;&gt;tests/tools/test_template_validator.py::test_validate_template&lt;/td&gt;&#34;, &#34;&lt;td class=\&#34;col-duration\&#34;&gt;5 ms&lt;/td&gt;&#34;, &#34;&lt;td class=\&#34;col-links\&#34;&gt;&lt;/td&gt;&#34;], &#34;log&#34;: &#34;No log output captured.&#34;}], &#34;tests/tools/test_template_validator.py::test_validate_invalid_template&#34;: [{&#34;extras&#34;: [], &#34;result&#34;: &#34;Passed&#34;, &#34;testId&#34;: &#34;tests/tools/test_template_validator.py::test_validate_invalid_template&#34;, &#34;duration&#34;: &#34;4 ms&#34;, &#34;resultsTableRow&#34;: [&#34;&lt;td class=\&#34;col-result\&#34;&gt;Passed&lt;/td&gt;&#34;, &#34;&lt;td class=\&#34;col-testId\&#34;&gt;tests/tools/test_template_validator.py::test_validate_invalid_template&lt;/td&gt;&#34;, &#34;&lt;td class=\&#34;col-duration\&#34;&gt;4 ms&lt;/td&gt;&#34;, &#34;&lt;td class=\&#34;col-links\&#34;&gt;&lt;/td&gt;&#34;], &#34;log&#34;: &#34;------------------------------ Captured log call -------------------------------\nERROR    app.tests.tools.validate_templates:validate_templates.py:68 Missing required field &amp;#x27;id&amp;#x27; in /tmp/tmp3j43lku8/invalid.yaml\n\n&#34;}], &#34;tests/tools/test_template_validator.py::test_check_template_consistency&#34;: [{&#34;extras&#34;: [], &#34;result&#34;: &#34;Passed&#34;, &#34;testId&#34;: &#34;tests/tools/test_template_validator.py::test_check_template_consistency&#34;, &#34;duration&#34;: &#34;4 ms&#34;, &#34;resultsTableRow&#34;: [&#34;&lt;td class=\&#34;col-result\&#34;&gt;Passed&lt;/td&gt;&#34;, &#34;&lt;td class=\&#34;col-testId\&#34;&gt;tests/tools/test_template_validator.py::test_check_template_consistency&lt;/td&gt;&#34;, &#34;&lt;td class=\&#34;col-duration\&#34;&gt;4 ms&lt;/td&gt;&#34;, &#34;&lt;td class=\&#34;col-links\&#34;&gt;&lt;/td&gt;&#34;], &#34;log&#34;: &#34;------------------------------ Captured log call -------------------------------\nWARNING  app.tests.tools.validate_templates:validate_templates.py:112 Templates not in index: {&amp;#x27;unindexed&amp;#x27;}\n\n&#34;}], &#34;tests/tools/test_template_validator.py::test_real_templates&#34;: [{&#34;extras&#34;: [], &#34;result&#34;: &#34;Failed&#34;, &#34;testId&#34;: &#34;tests/tools/test_template_validator.py::test_real_templates&#34;, &#34;duration&#34;: &#34;72 ms&#34;, &#34;resultsTableRow&#34;: [&#34;&lt;td class=\&#34;col-result\&#34;&gt;Failed&lt;/td&gt;&#34;, &#34;&lt;td class=\&#34;col-testId\&#34;&gt;tests/tools/test_template_validator.py::test_real_templates&lt;/td&gt;&#34;, &#34;&lt;td class=\&#34;col-duration\&#34;&gt;72 ms&lt;/td&gt;&#34;, &#34;&lt;td class=\&#34;col-links\&#34;&gt;&lt;/td&gt;&#34;], &#34;log&#34;: &#34;@pytest.mark.integration\n    def test_real_templates():\n        &amp;quot;&amp;quot;&amp;quot;Test validation of actual test templates.&amp;quot;&amp;quot;&amp;quot;\n        templates_dir = Path(__file__).parent.parent / &amp;quot;data/nuclei_templates&amp;quot;\n    \n        try:\n            result = subprocess.run(\n                [&amp;quot;nuclei&amp;quot;, &amp;quot;-version&amp;quot;],\n                capture_output=True,\n                text=True\n            )\n            if result.returncode != 0:\n                pytest.skip(&amp;quot;Nuclei not installed&amp;quot;)\n        except FileNotFoundError:\n            pytest.skip(&amp;quot;Nuclei not installed&amp;quot;)\n    \n        validator = TemplateValidator(templates_dir)\n&amp;gt;       assert validator.check_template_consistency()\nE       assert False\nE        +  where False = check_template_consistency()\nE        +    where check_template_consistency = &amp;lt;app.tests.tools.validate_templates.TemplateValidator object at 0x76a3c5b89360&amp;gt;.check_template_consistency\n\ntests/tools/test_template_validator.py:139: AssertionError\n\n------------------------------ Captured log call -------------------------------\nWARNING  app.tests.tools.validate_templates:validate_templates.py:112 Templates not in index: {&amp;#x27;test_xss&amp;#x27;, &amp;#x27;test_sqli&amp;#x27;, &amp;#x27;test_path_traversal&amp;#x27;}\nERROR    app.tests.tools.validate_templates:validate_templates.py:118 Templates in index but missing files: {&amp;#x27;test-path-traversal&amp;#x27;, &amp;#x27;test-xss&amp;#x27;, &amp;#x27;test-sqli&amp;#x27;}\n\n&#34;}], &#34;tests/tools/test_template_validator.py::test_invalid_index_file&#34;: [{&#34;extras&#34;: [], &#34;result&#34;: &#34;Passed&#34;, &#34;testId&#34;: &#34;tests/tools/test_template_validator.py::test_invalid_index_file&#34;, &#34;duration&#34;: &#34;1 ms&#34;, &#34;resultsTableRow&#34;: [&#34;&lt;td class=\&#34;col-result\&#34;&gt;Passed&lt;/td&gt;&#34;, &#34;&lt;td class=\&#34;col-testId\&#34;&gt;tests/tools/test_template_validator.py::test_invalid_index_file&lt;/td&gt;&#34;, &#34;&lt;td class=\&#34;col-duration\&#34;&gt;1 ms&lt;/td&gt;&#34;, &#34;&lt;td class=\&#34;col-links\&#34;&gt;&lt;/td&gt;&#34;], &#34;log&#34;: &#34;------------------------------ Captured log call -------------------------------\nERROR    app.tests.tools.validate_templates:validate_templates.py:38 Error parsing template index: mapping values are not allowed here\n  in &amp;quot;/tmp/tmp9u2rubud/template_index.yaml&amp;quot;, line 1, column 14\n\n&#34;}], &#34;tests/tools/test_template_validator.py::test_missing_index_file&#34;: [{&#34;extras&#34;: [], &#34;result&#34;: &#34;Passed&#34;, &#34;testId&#34;: &#34;tests/tools/test_template_validator.py::test_missing_index_file&#34;, &#34;duration&#34;: &#34;1 ms&#34;, &#34;resultsTableRow&#34;: [&#34;&lt;td class=\&#34;col-result\&#34;&gt;Passed&lt;/td&gt;&#34;, &#34;&lt;td class=\&#34;col-testId\&#34;&gt;tests/tools/test_template_validator.py::test_missing_index_file&lt;/td&gt;&#34;, &#34;&lt;td class=\&#34;col-duration\&#34;&gt;1 ms&lt;/td&gt;&#34;, &#34;&lt;td class=\&#34;col-links\&#34;&gt;&lt;/td&gt;&#34;], &#34;log&#34;: &#34;------------------------------ Captured log call -------------------------------\nERROR    app.tests.tools.validate_templates:validate_templates.py:35 Template index not found: /tmp/tmp_yyjwc9p/template_index.yaml\n\n&#34;}], &#34;tests/tools/test_template_validator.py::test_template_validation_cases[template_content0-True]&#34;: [{&#34;extras&#34;: [], &#34;result&#34;: &#34;Passed&#34;, &#34;testId&#34;: &#34;tests/tools/test_template_validator.py::test_template_validation_cases[template_content0-True]&#34;, &#34;duration&#34;: &#34;7 ms&#34;, &#34;resultsTableRow&#34;: [&#34;&lt;td class=\&#34;col-result\&#34;&gt;Passed&lt;/td&gt;&#34;, &#34;&lt;td class=\&#34;col-testId\&#34;&gt;tests/tools/test_template_validator.py::test_template_validation_cases[template_content0-True]&lt;/td&gt;&#34;, &#34;&lt;td class=\&#34;col-duration\&#34;&gt;7 ms&lt;/td&gt;&#34;, &#34;&lt;td class=\&#34;col-links\&#34;&gt;&lt;/td&gt;&#34;], &#34;log&#34;: &#34;No log output captured.&#34;}], &#34;tests/tools/test_template_validator.py::test_template_validation_cases[template_content1-False]&#34;: [{&#34;extras&#34;: [], &#34;result&#34;: &#34;Passed&#34;, &#34;testId&#34;: &#34;tests/tools/test_template_validator.py::test_template_validation_cases[template_content1-False]&#34;, &#34;duration&#34;: &#34;7 ms&#34;, &#34;resultsTableRow&#34;: [&#34;&lt;td class=\&#34;col-result\&#34;&gt;Passed&lt;/td&gt;&#34;, &#34;&lt;td class=\&#34;col-testId\&#34;&gt;tests/tools/test_template_validator.py::test_template_validation_cases[template_content1-False]&lt;/td&gt;&#34;, &#34;&lt;td class=\&#34;col-duration\&#34;&gt;7 ms&lt;/td&gt;&#34;, &#34;&lt;td class=\&#34;col-links\&#34;&gt;&lt;/td&gt;&#34;], &#34;log&#34;: &#34;------------------------------ Captured log call -------------------------------\nERROR    app.tests.tools.validate_templates:validate_templates.py:68 Missing required field &amp;#x27;id&amp;#x27; in /tmp/tmp_3c3eo2r/test-case.yaml\n\n&#34;}], &#34;tests/tools/test_template_validator.py::test_template_validation_cases[template_content2-False]&#34;: [{&#34;extras&#34;: [], &#34;result&#34;: &#34;Passed&#34;, &#34;testId&#34;: &#34;tests/tools/test_template_validator.py::test_template_validation_cases[template_content2-False]&#34;, &#34;duration&#34;: &#34;7 ms&#34;, &#34;resultsTableRow&#34;: [&#34;&lt;td class=\&#34;col-result\&#34;&gt;Passed&lt;/td&gt;&#34;, &#34;&lt;td class=\&#34;col-testId\&#34;&gt;tests/tools/test_template_validator.py::test_template_validation_cases[template_content2-False]&lt;/td&gt;&#34;, &#34;&lt;td class=\&#34;col-duration\&#34;&gt;7 ms&lt;/td&gt;&#34;, &#34;&lt;td class=\&#34;col-links\&#34;&gt;&lt;/td&gt;&#34;], &#34;log&#34;: &#34;------------------------------ Captured log call -------------------------------\nERROR    app.tests.tools.validate_templates:validate_templates.py:68 Missing required field &amp;#x27;info&amp;#x27; in /tmp/tmp1ezx8ymw/test-case.yaml\n\n&#34;}], &#34;tests/vuln_module/test_models.py::test_payload_creation&#34;: [{&#34;extras&#34;: [], &#34;result&#34;: &#34;Passed&#34;, &#34;testId&#34;: &#34;tests/vuln_module/test_models.py::test_payload_creation&#34;, &#34;duration&#34;: &#34;1 ms&#34;, &#34;resultsTableRow&#34;: [&#34;&lt;td class=\&#34;col-result\&#34;&gt;Passed&lt;/td&gt;&#34;, &#34;&lt;td class=\&#34;col-testId\&#34;&gt;tests/vuln_module/test_models.py::test_payload_creation&lt;/td&gt;&#34;, &#34;&lt;td class=\&#34;col-duration\&#34;&gt;1 ms&lt;/td&gt;&#34;, &#34;&lt;td class=\&#34;col-links\&#34;&gt;&lt;/td&gt;&#34;], &#34;log&#34;: &#34;No log output captured.&#34;}], &#34;tests/vuln_module/test_models.py::test_payload_result_creation&#34;: [{&#34;extras&#34;: [], &#34;result&#34;: &#34;Passed&#34;, &#34;testId&#34;: &#34;tests/vuln_module/test_models.py::test_payload_result_creation&#34;, &#34;duration&#34;: &#34;1 ms&#34;, &#34;resultsTableRow&#34;: [&#34;&lt;td class=\&#34;col-result\&#34;&gt;Passed&lt;/td&gt;&#34;, &#34;&lt;td class=\&#34;col-testId\&#34;&gt;tests/vuln_module/test_models.py::test_payload_result_creation&lt;/td&gt;&#34;, &#34;&lt;td class=\&#34;col-duration\&#34;&gt;1 ms&lt;/td&gt;&#34;, &#34;&lt;td class=\&#34;col-links\&#34;&gt;&lt;/td&gt;&#34;], &#34;log&#34;: &#34;No log output captured.&#34;}], &#34;tests/vuln_module/test_models.py::test_vuln_result_serialization&#34;: [{&#34;extras&#34;: [], &#34;result&#34;: &#34;Passed&#34;, &#34;testId&#34;: &#34;tests/vuln_module/test_models.py::test_vuln_result_serialization&#34;, &#34;duration&#34;: &#34;1 ms&#34;, &#34;resultsTableRow&#34;: [&#34;&lt;td class=\&#34;col-result\&#34;&gt;Passed&lt;/td&gt;&#34;, &#34;&lt;td class=\&#34;col-testId\&#34;&gt;tests/vuln_module/test_models.py::test_vuln_result_serialization&lt;/td&gt;&#34;, &#34;&lt;td class=\&#34;col-duration\&#34;&gt;1 ms&lt;/td&gt;&#34;, &#34;&lt;td class=\&#34;col-links\&#34;&gt;&lt;/td&gt;&#34;], &#34;log&#34;: &#34;No log output captured.&#34;}], &#34;tests/vuln_module/test_models.py::test_scan_config_defaults&#34;: [{&#34;extras&#34;: [], &#34;result&#34;: &#34;Passed&#34;, &#34;testId&#34;: &#34;tests/vuln_module/test_models.py::test_scan_config_defaults&#34;, &#34;duration&#34;: &#34;1 ms&#34;, &#34;resultsTableRow&#34;: [&#34;&lt;td class=\&#34;col-result\&#34;&gt;Passed&lt;/td&gt;&#34;, &#34;&lt;td class=\&#34;col-testId\&#34;&gt;tests/vuln_module/test_models.py::test_scan_config_defaults&lt;/td&gt;&#34;, &#34;&lt;td class=\&#34;col-duration\&#34;&gt;1 ms&lt;/td&gt;&#34;, &#34;&lt;td class=\&#34;col-links\&#34;&gt;&lt;/td&gt;&#34;], &#34;log&#34;: &#34;No log output captured.&#34;}], &#34;tests/vuln_module/test_models.py::test_scan_config_custom_values&#34;: [{&#34;extras&#34;: [], &#34;result&#34;: &#34;Passed&#34;, &#34;testId&#34;: &#34;tests/vuln_module/test_models.py::test_scan_config_custom_values&#34;, &#34;duration&#34;: &#34;1 ms&#34;, &#34;resultsTableRow&#34;: [&#34;&lt;td class=\&#34;col-result\&#34;&gt;Passed&lt;/td&gt;&#34;, &#34;&lt;td class=\&#34;col-testId\&#34;&gt;tests/vuln_module/test_models.py::test_scan_config_custom_values&lt;/td&gt;&#34;, &#34;&lt;td class=\&#34;col-duration\&#34;&gt;1 ms&lt;/td&gt;&#34;, &#34;&lt;td class=\&#34;col-links\&#34;&gt;&lt;/td&gt;&#34;], &#34;log&#34;: &#34;No log output captured.&#34;}], &#34;tests/vuln_module/test_models.py::test_vuln_severity_comparison&#34;: [{&#34;extras&#34;: [], &#34;result&#34;: &#34;Passed&#34;, &#34;testId&#34;: &#34;tests/vuln_module/test_models.py::test_vuln_severity_comparison&#34;, &#34;duration&#34;: &#34;1 ms&#34;, &#34;resultsTableRow&#34;: [&#34;&lt;td class=\&#34;col-result\&#34;&gt;Passed&lt;/td&gt;&#34;, &#34;&lt;td class=\&#34;col-testId\&#34;&gt;tests/vuln_module/test_models.py::test_vuln_severity_comparison&lt;/td&gt;&#34;, &#34;&lt;td class=\&#34;col-duration\&#34;&gt;1 ms&lt;/td&gt;&#34;, &#34;&lt;td class=\&#34;col-links\&#34;&gt;&lt;/td&gt;&#34;], &#34;log&#34;: &#34;No log output captured.&#34;}], &#34;tests/vuln_module/test_models.py::test_payload_type_validation&#34;: [{&#34;extras&#34;: [], &#34;result&#34;: &#34;Passed&#34;, &#34;testId&#34;: &#34;tests/vuln_module/test_models.py::test_payload_type_validation&#34;, &#34;duration&#34;: &#34;1 ms&#34;, &#34;resultsTableRow&#34;: [&#34;&lt;td class=\&#34;col-result\&#34;&gt;Passed&lt;/td&gt;&#34;, &#34;&lt;td class=\&#34;col-testId\&#34;&gt;tests/vuln_module/test_models.py::test_payload_type_validation&lt;/td&gt;&#34;, &#34;&lt;td class=\&#34;col-duration\&#34;&gt;1 ms&lt;/td&gt;&#34;, &#34;&lt;td class=\&#34;col-links\&#34;&gt;&lt;/td&gt;&#34;], &#34;log&#34;: &#34;No log output captured.&#34;}], &#34;tests/vuln_module/test_nuclei_scanner.py::test_scanner_setup_cleanup&#34;: [{&#34;extras&#34;: [], &#34;result&#34;: &#34;Passed&#34;, &#34;testId&#34;: &#34;tests/vuln_module/test_nuclei_scanner.py::test_scanner_setup_cleanup&#34;, &#34;duration&#34;: &#34;10 ms&#34;, &#34;resultsTableRow&#34;: [&#34;&lt;td class=\&#34;col-result\&#34;&gt;Passed&lt;/td&gt;&#34;, &#34;&lt;td class=\&#34;col-testId\&#34;&gt;tests/vuln_module/test_nuclei_scanner.py::test_scanner_setup_cleanup&lt;/td&gt;&#34;, &#34;&lt;td class=\&#34;col-duration\&#34;&gt;10 ms&lt;/td&gt;&#34;, &#34;&lt;td class=\&#34;col-links\&#34;&gt;&lt;/td&gt;&#34;], &#34;log&#34;: &#34;No log output captured.&#34;}], &#34;tests/vuln_module/test_nuclei_scanner.py::test_scan_target_process&#34;: [{&#34;extras&#34;: [], &#34;result&#34;: &#34;Failed&#34;, &#34;testId&#34;: &#34;tests/vuln_module/test_nuclei_scanner.py::test_scan_target_process&#34;, &#34;duration&#34;: &#34;10 ms&#34;, &#34;resultsTableRow&#34;: [&#34;&lt;td class=\&#34;col-result\&#34;&gt;Failed&lt;/td&gt;&#34;, &#34;&lt;td class=\&#34;col-testId\&#34;&gt;tests/vuln_module/test_nuclei_scanner.py::test_scan_target_process&lt;/td&gt;&#34;, &#34;&lt;td class=\&#34;col-duration\&#34;&gt;10 ms&lt;/td&gt;&#34;, &#34;&lt;td class=\&#34;col-links\&#34;&gt;&lt;/td&gt;&#34;], &#34;log&#34;: &#34;nuclei_scanner = &amp;lt;vuln_module.scanner.nuclei.scanner.NucleiScanner object at 0x76a3c646a5f0&amp;gt;\n\n    @pytest.mark.asyncio\n    @pytest.mark.timeout(10)\n    async def test_scan_target_process(nuclei_scanner):\n        &amp;quot;&amp;quot;&amp;quot;Test scan execution process.&amp;quot;&amp;quot;&amp;quot;\n        mock_process = AsyncMock()\n        mock_process.run = AsyncMock()\n        mock_process.stop = AsyncMock()\n        async def async_result_iter():\n            yield {\n                &amp;quot;template-id&amp;quot;: &amp;quot;test-xss&amp;quot;,\n                &amp;quot;type&amp;quot;: &amp;quot;http&amp;quot;,\n                &amp;quot;severity&amp;quot;: &amp;quot;high&amp;quot;,\n                &amp;quot;info&amp;quot;: {&amp;quot;description&amp;quot;: &amp;quot;Test XSS&amp;quot;},\n                &amp;quot;matched-at&amp;quot;: &amp;quot;http://example.com/test&amp;quot;,\n                &amp;quot;matcher-name&amp;quot;: &amp;quot;&amp;lt;script&amp;gt;alert(1)&amp;lt;/script&amp;gt;&amp;quot;,\n                &amp;quot;extracted-values&amp;quot;: {},\n                &amp;quot;ip&amp;quot;: &amp;quot;1.2.3.4&amp;quot;,\n                &amp;quot;host&amp;quot;: &amp;quot;example.com&amp;quot;,\n                &amp;quot;request&amp;quot;: &amp;quot;GET /test&amp;quot;,\n                &amp;quot;response&amp;quot;: &amp;quot;&amp;lt;html&amp;gt;test&amp;lt;/html&amp;gt;&amp;quot;\n            }\n    \n        mock_process.read_results = AsyncMock(return_value=async_result_iter())\n    \n        # Create temp output file\n        output_file = Path(tempfile.mktemp())\n        output_file.touch()\n        process_mock = AsyncMock(return_value=output_file)\n    \n        with patch(&amp;#x27;vuln_module.scanner.nuclei.scanner.NucleiProcess&amp;#x27;, return_value=mock_process), \\\n             patch(&amp;#x27;vuln_module.scanner.nuclei.scanner.tempfile.mkdtemp&amp;#x27;, return_value=str(output_file.parent)), \\\n             patch(&amp;#x27;pathlib.Path.exists&amp;#x27;, return_value=True):\n            await nuclei_scanner.setup()\n            try:\n                results = []\n&amp;gt;               async for result in nuclei_scanner._scan_target():\n\ntests/vuln_module/test_nuclei_scanner.py:105: \n_ _ _ _ _ _ _ _ _ _ _ _ _ _ _ _ _ _ _ _ _ _ _ _ _ _ _ _ _ _ _ _ _ _ _ _ _ _ _ _ \n\nself = &amp;lt;vuln_module.scanner.nuclei.scanner.NucleiScanner object at 0x76a3c646a5f0&amp;gt;\n\n    async def _scan_target(self) -&amp;gt; AsyncIterator[VulnResult]:\n        &amp;quot;&amp;quot;&amp;quot;Run Nuclei scan and yield results.&amp;quot;&amp;quot;&amp;quot;\n        if not self._process:\n            return\n    \n        try:\n            await self._process.run(\n                target=self.config.target,\n                templates=self._custom_templates,\n                proxy=self.config.proxy,\n                verify_ssl=self.config.verify_ssl,\n                rate_limit=self.config.rate_limit\n            )\n    \n&amp;gt;           async for result in self._process.read_results():\nE           TypeError: &amp;#x27;async for&amp;#x27; requires an object with __aiter__ method, got coroutine\n\nvuln_module/scanner/nuclei/scanner.py:109: TypeError\n\n------------------------------ Captured log call -------------------------------\nERROR    vuln_module.scanner.nuclei.scanner:scanner.py:118 Error during scan: &amp;#x27;async for&amp;#x27; requires an object with __aiter__ method, got coroutine\n\n&#34;}], &#34;tests/vuln_module/test_nuclei_scanner.py::test_payload_testing&#34;: [{&#34;extras&#34;: [], &#34;result&#34;: &#34;Failed&#34;, &#34;testId&#34;: &#34;tests/vuln_module/test_nuclei_scanner.py::test_payload_testing&#34;, &#34;duration&#34;: &#34;9 ms&#34;, &#34;resultsTableRow&#34;: [&#34;&lt;td class=\&#34;col-result\&#34;&gt;Failed&lt;/td&gt;&#34;, &#34;&lt;td class=\&#34;col-testId\&#34;&gt;tests/vuln_module/test_nuclei_scanner.py::test_payload_testing&lt;/td&gt;&#34;, &#34;&lt;td class=\&#34;col-duration\&#34;&gt;9 ms&lt;/td&gt;&#34;, &#34;&lt;td class=\&#34;col-links\&#34;&gt;&lt;/td&gt;&#34;], &#34;log&#34;: &#34;nuclei_scanner = &amp;lt;vuln_module.scanner.nuclei.scanner.NucleiScanner object at 0x76a3c5ab4580&amp;gt;\n\n    @pytest.mark.asyncio\n    @pytest.mark.timeout(10)\n    async def test_payload_testing(nuclei_scanner):\n        &amp;quot;&amp;quot;&amp;quot;Test individual payload testing.&amp;quot;&amp;quot;&amp;quot;\n        mock_process = AsyncMock()\n        mock_process.run = AsyncMock()\n        async def async_payload_iter():\n            yield {\n                &amp;quot;template-id&amp;quot;: &amp;quot;test-xss&amp;quot;,\n                &amp;quot;type&amp;quot;: &amp;quot;http&amp;quot;,\n                &amp;quot;severity&amp;quot;: &amp;quot;high&amp;quot;,\n                &amp;quot;matched&amp;quot;: &amp;quot;&amp;lt;script&amp;gt;alert(1)&amp;lt;/script&amp;gt;&amp;quot;,\n                &amp;quot;matched-at&amp;quot;: &amp;quot;http://example.com/test&amp;quot;\n            }\n    \n        mock_process.read_results = AsyncMock(return_value=async_payload_iter())\n        mock_process.stop = AsyncMock()\n    \n        temp_dir = Path(tempfile.mkdtemp())\n        try:\n            # Create template dir\n            templates_dir = temp_dir / &amp;quot;templates&amp;quot;\n            templates_dir.mkdir(parents=True)\n    \n            # Create output file\n            output_file = temp_dir / &amp;quot;output.json&amp;quot;\n            output_file.touch()\n    \n            with patch(&amp;#x27;vuln_module.scanner.nuclei.scanner.NucleiProcess&amp;#x27;, return_value=mock_process), \\\n                 patch(&amp;#x27;vuln_module.scanner.nuclei.scanner.tempfile.mkdtemp&amp;#x27;, return_value=str(temp_dir)):\n    \n                # Mock file operations for template creation\n                with patch(&amp;#x27;pathlib.Path.write_text&amp;#x27;):\n&amp;gt;                   result = await nuclei_scanner.test_payload(\n                        &amp;quot;&amp;lt;script&amp;gt;alert(1)&amp;lt;/script&amp;gt;&amp;quot;,\n                        PayloadType.XSS\n                    )\n\ntests/vuln_module/test_nuclei_scanner.py:154: \n_ _ _ _ _ _ _ _ _ _ _ _ _ _ _ _ _ _ _ _ _ _ _ _ _ _ _ _ _ _ _ _ _ _ _ _ _ _ _ _ \n\nself = &amp;lt;vuln_module.scanner.nuclei.scanner.NucleiScanner object at 0x76a3c5ab4580&amp;gt;\npayload = &amp;#x27;&amp;lt;script&amp;gt;alert(1)&amp;lt;/script&amp;gt;&amp;#x27;, payload_type = &amp;lt;PayloadType.XSS: 1&amp;gt;\n\n    async def test_payload(self, payload: str, payload_type: PayloadType) -&amp;gt; PayloadResult:\n        &amp;quot;&amp;quot;&amp;quot;Test a specific payload using a custom Nuclei template.&amp;quot;&amp;quot;&amp;quot;\n        template = self._create_template(payload_type, [payload])\n        if not template:\n            return PayloadResult(\n                payload=Payload(content=payload, type=payload_type),\n                success=False,\n                response_data={},\n                error=&amp;quot;Unsupported payload type&amp;quot;\n            )\n    \n        # Create temporary template file\n        template_file = Path(tempfile.mktemp(suffix=&amp;#x27;.yaml&amp;#x27;))\n        output_file = Path(tempfile.mktemp())\n    \n        try:\n            # Write template to file\n            async with aiofiles.open(str(template_file), &amp;#x27;w&amp;#x27;) as f:\n                await f.write(template.to_yaml())\n    \n            # Configure and run nuclei process\n            process = NucleiProcess()\n            process.set_output_file(output_file)\n    \n            try:\n                await process.run(\n                    target=self.config.target,\n                    templates=[str(template_file)],\n                    proxy=self.config.proxy,\n                    verify_ssl=self.config.verify_ssl\n                )\n    \n                found = False\n&amp;gt;               async for result in process.read_results():\nE               TypeError: &amp;#x27;async for&amp;#x27; requires an object with __aiter__ method, got coroutine\n\nvuln_module/scanner/nuclei/scanner.py:160: TypeError\n&#34;}], &#34;tests/vuln_module/test_nuclei_scanner.py::test_scan_rate_limiting&#34;: [{&#34;extras&#34;: [], &#34;result&#34;: &#34;Failed&#34;, &#34;testId&#34;: &#34;tests/vuln_module/test_nuclei_scanner.py::test_scan_rate_limiting&#34;, &#34;duration&#34;: &#34;3 ms&#34;, &#34;resultsTableRow&#34;: [&#34;&lt;td class=\&#34;col-result\&#34;&gt;Failed&lt;/td&gt;&#34;, &#34;&lt;td class=\&#34;col-testId\&#34;&gt;tests/vuln_module/test_nuclei_scanner.py::test_scan_rate_limiting&lt;/td&gt;&#34;, &#34;&lt;td class=\&#34;col-duration\&#34;&gt;3 ms&lt;/td&gt;&#34;, &#34;&lt;td class=\&#34;col-links\&#34;&gt;&lt;/td&gt;&#34;], &#34;log&#34;: &#34;nuclei_scanner = &amp;lt;vuln_module.scanner.nuclei.scanner.NucleiScanner object at 0x76a3c6503f70&amp;gt;\n\n    @pytest.mark.asyncio\n    async def test_scan_rate_limiting(nuclei_scanner):\n        &amp;quot;&amp;quot;&amp;quot;Test rate limiting functionality.&amp;quot;&amp;quot;&amp;quot;\n        time_values = [0.0]\n    \n        def mock_time():\n            return time_values[0]\n    \n        def mock_sleep(seconds):\n            time_values[0] += seconds\n            return seconds\n    \n        with patch(&amp;#x27;vuln_module.rate_limiter.datetime&amp;#x27;) as mock_datetime, \\\n             patch(&amp;#x27;asyncio.sleep&amp;#x27;, side_effect=mock_sleep):\n    \n            # Configure mock datetime\n            mock_datetime.now.side_effect = lambda: type(\n                &amp;#x27;MockDateTime&amp;#x27;, (), {&amp;#x27;timestamp&amp;#x27;: lambda: mock_time()}\n            )()\n    \n            # With rate limit of 2/sec, 3 requests should take 1 second\n            nuclei_scanner.config.rate_limit = 2\n    \n            # Make multiple requests - should be rate limited\n            for _ in range(3):\n&amp;gt;               await nuclei_scanner.rate_limit()\n\ntests/vuln_module/test_nuclei_scanner.py:198: \n_ _ _ _ _ _ _ _ _ _ _ _ _ _ _ _ _ _ _ _ _ _ _ _ _ _ _ _ _ _ _ _ _ _ _ _ _ _ _ _ \nvuln_module/scanner/base.py:124: in rate_limit\n    await self._rate_limiter.acquire()\n_ _ _ _ _ _ _ _ _ _ _ _ _ _ _ _ _ _ _ _ _ _ _ _ _ _ _ _ _ _ _ _ _ _ _ _ _ _ _ _ \n\nself = &amp;lt;vuln_module.rate_limiter.RateLimiter object at 0x76a3c6503f10&amp;gt;\n\n    async def acquire(self) -&amp;gt; None:\n        &amp;quot;&amp;quot;&amp;quot;Wait until operation is allowed by rate limit.&amp;quot;&amp;quot;&amp;quot;\n        if self.rate &amp;lt;= 0:\n            return\n    \n&amp;gt;       now = datetime.now().timestamp()\nE       TypeError: test_scan_rate_limiting.&amp;lt;locals&amp;gt;.&amp;lt;lambda&amp;gt;.&amp;lt;locals&amp;gt;.&amp;lt;lambda&amp;gt;() takes 0 positional arguments but 1 was given\n\nvuln_module/rate_limiter.py:23: TypeError\n&#34;}], &#34;tests/vuln_module/test_nuclei_scanner.py::test_scanner_error_handling&#34;: [{&#34;extras&#34;: [], &#34;result&#34;: &#34;Failed&#34;, &#34;testId&#34;: &#34;tests/vuln_module/test_nuclei_scanner.py::test_scanner_error_handling&#34;, &#34;duration&#34;: &#34;9 ms&#34;, &#34;resultsTableRow&#34;: [&#34;&lt;td class=\&#34;col-result\&#34;&gt;Failed&lt;/td&gt;&#34;, &#34;&lt;td class=\&#34;col-testId\&#34;&gt;tests/vuln_module/test_nuclei_scanner.py::test_scanner_error_handling&lt;/td&gt;&#34;, &#34;&lt;td class=\&#34;col-duration\&#34;&gt;9 ms&lt;/td&gt;&#34;, &#34;&lt;td class=\&#34;col-links\&#34;&gt;&lt;/td&gt;&#34;], &#34;log&#34;: &#34;nuclei_scanner = &amp;lt;vuln_module.scanner.nuclei.scanner.NucleiScanner object at 0x76a3c66157b0&amp;gt;\n\n    @pytest.mark.asyncio\n    @pytest.mark.timeout(10)\n    async def test_scanner_error_handling(nuclei_scanner):\n        &amp;quot;&amp;quot;&amp;quot;Test error handling during scanning.&amp;quot;&amp;quot;&amp;quot;\n        mock_process = AsyncMock()\n        mock_process.run = AsyncMock(side_effect=Exception(&amp;quot;Test error&amp;quot;))\n        async def empty_iter():\n            if False:  # Never yield anything\n                yield\n    \n        mock_process.read_results = AsyncMock(return_value=empty_iter())\n        mock_process.stop = AsyncMock()\n    \n        temp_dir = Path(tempfile.mkdtemp())\n        try:\n            # Create template dir\n            templates_dir = temp_dir / &amp;quot;templates&amp;quot;\n            templates_dir.mkdir(parents=True)\n    \n            with patch(&amp;#x27;vuln_module.scanner.nuclei.scanner.NucleiProcess&amp;#x27;, return_value=mock_process), \\\n                 patch(&amp;#x27;vuln_module.scanner.nuclei.scanner.tempfile.mkdtemp&amp;#x27;, return_value=str(temp_dir)), \\\n                 patch(&amp;#x27;pathlib.Path.write_text&amp;#x27;):  # Mock template writing\n                await nuclei_scanner.setup()\n                try:\n                    results = []\n&amp;gt;                   async for result in nuclei_scanner._scan_target():\n\ntests/vuln_module/test_nuclei_scanner.py:228: \n_ _ _ _ _ _ _ _ _ _ _ _ _ _ _ _ _ _ _ _ _ _ _ _ _ _ _ _ _ _ _ _ _ _ _ _ _ _ _ _ \nvuln_module/scanner/nuclei/scanner.py:101: in _scan_target\n    await self._process.run(\n_ _ _ _ _ _ _ _ _ _ _ _ _ _ _ _ _ _ _ _ _ _ _ _ _ _ _ _ _ _ _ _ _ _ _ _ _ _ _ _ \n\nself = &amp;lt;AsyncMock name=&amp;#x27;mock.run&amp;#x27; id=&amp;#x27;130445761258320&amp;#x27;&amp;gt;, args = ()\nkwargs = {&amp;#x27;proxy&amp;#x27;: None, &amp;#x27;rate_limit&amp;#x27;: 10, &amp;#x27;target&amp;#x27;: &amp;#x27;http://example.com&amp;#x27;, &amp;#x27;templates&amp;#x27;: [&amp;#x27;/tmp/tmpyenxiqy_/nuclei_test/templates/xss.yaml&amp;#x27;, &amp;#x27;/tmp/tmpyenxiqy_/nuclei_test/templates/sqli.yaml&amp;#x27;], ...}\n_call = call(target=&amp;#x27;http://example.com&amp;#x27;, templates=[&amp;#x27;/tmp/tmpyenxiqy_/nuclei_test/templates/xss.yaml&amp;#x27;, &amp;#x27;/tmp/tmpyenxiqy_/nuclei_test/templates/sqli.yaml&amp;#x27;], proxy=None, verify_ssl=True, rate_limit=10)\neffect = Exception(&amp;#x27;Test error&amp;#x27;)\n\n    async def _execute_mock_call(self, /, *args, **kwargs):\n        # This is nearly just like super(), except for special handling\n        # of coroutines\n    \n        _call = _Call((args, kwargs), two=True)\n        self.await_count += 1\n        self.await_args = _call\n        self.await_args_list.append(_call)\n    \n        effect = self.side_effect\n        if effect is not None:\n            if _is_exception(effect):\n&amp;gt;               raise effect\nE               Exception: Test error\n\n/usr/local/lib/python3.10/unittest/mock.py:2234: Exception\n\n------------------------------ Captured log call -------------------------------\nERROR    vuln_module.scanner.nuclei.scanner:scanner.py:118 Error during scan: Test error\n\n&#34;}], &#34;tests/vuln_module/test_nuclei_scanner.py::test_payload_type_detection&#34;: [{&#34;extras&#34;: [], &#34;result&#34;: &#34;Passed&#34;, &#34;testId&#34;: &#34;tests/vuln_module/test_nuclei_scanner.py::test_payload_type_detection&#34;, &#34;duration&#34;: &#34;1 ms&#34;, &#34;resultsTableRow&#34;: [&#34;&lt;td class=\&#34;col-result\&#34;&gt;Passed&lt;/td&gt;&#34;, &#34;&lt;td class=\&#34;col-testId\&#34;&gt;tests/vuln_module/test_nuclei_scanner.py::test_payload_type_detection&lt;/td&gt;&#34;, &#34;&lt;td class=\&#34;col-duration\&#34;&gt;1 ms&lt;/td&gt;&#34;, &#34;&lt;td class=\&#34;col-links\&#34;&gt;&lt;/td&gt;&#34;], &#34;log&#34;: &#34;No log output captured.&#34;}], &#34;tests/vuln_module/test_vuln_manager.py::test_scan_target&#34;: [{&#34;extras&#34;: [], &#34;result&#34;: &#34;Passed&#34;, &#34;testId&#34;: &#34;tests/vuln_module/test_vuln_manager.py::test_scan_target&#34;, &#34;duration&#34;: &#34;2 ms&#34;, &#34;resultsTableRow&#34;: [&#34;&lt;td class=\&#34;col-result\&#34;&gt;Passed&lt;/td&gt;&#34;, &#34;&lt;td class=\&#34;col-testId\&#34;&gt;tests/vuln_module/test_vuln_manager.py::test_scan_target&lt;/td&gt;&#34;, &#34;&lt;td class=\&#34;col-duration\&#34;&gt;2 ms&lt;/td&gt;&#34;, &#34;&lt;td class=\&#34;col-links\&#34;&gt;&lt;/td&gt;&#34;], &#34;log&#34;: &#34;No log output captured.&#34;}], &#34;tests/vuln_module/test_vuln_manager.py::test_scanner_error_handling&#34;: [{&#34;extras&#34;: [], &#34;result&#34;: &#34;Failed&#34;, &#34;testId&#34;: &#34;tests/vuln_module/test_vuln_manager.py::test_scanner_error_handling&#34;, &#34;duration&#34;: &#34;2 ms&#34;, &#34;resultsTableRow&#34;: [&#34;&lt;td class=\&#34;col-result\&#34;&gt;Failed&lt;/td&gt;&#34;, &#34;&lt;td class=\&#34;col-testId\&#34;&gt;tests/vuln_module/test_vuln_manager.py::test_scanner_error_handling&lt;/td&gt;&#34;, &#34;&lt;td class=\&#34;col-duration\&#34;&gt;2 ms&lt;/td&gt;&#34;, &#34;&lt;td class=\&#34;col-links\&#34;&gt;&lt;/td&gt;&#34;], &#34;log&#34;: &#34;vuln_manager = &amp;lt;vuln_module.vuln_manager.VulnManager object at 0x76a3c5b068c0&amp;gt;\n\n    @pytest.mark.asyncio\n    async def test_scanner_error_handling(vuln_manager):\n        &amp;quot;&amp;quot;&amp;quot;Test handling of scanner errors.&amp;quot;&amp;quot;&amp;quot;\n        bad_scanner = MockScanner(ScanConfig(\n            target=&amp;quot;http://example.com&amp;quot;,\n            payload_types={PayloadType.XSS}\n        ))\n    \n        # Make scanner raise an error using async generator\n        async def error_scan() -&amp;gt; AsyncGenerator[VulnResult, None]:\n            if False:  # Never yield anything\n                yield\n            raise Exception(&amp;quot;Test error&amp;quot;)\n    \n        bad_scanner._scan_target = error_scan\n        vuln_manager.DEFAULT_SCANNERS[&amp;quot;mock&amp;quot;] = lambda config: bad_scanner\n    \n        # Scan should not raise exception but return empty results\n&amp;gt;       results = await vuln_manager.scan_target(\n            target=&amp;quot;http://example.com&amp;quot;,\n            scanner_type=&amp;quot;mock&amp;quot;\n        )\n\ntests/vuln_module/test_vuln_manager.py:131: \n_ _ _ _ _ _ _ _ _ _ _ _ _ _ _ _ _ _ _ _ _ _ _ _ _ _ _ _ _ _ _ _ _ _ _ _ _ _ _ _ \nvuln_module/vuln_manager.py:56: in scan_target\n    results = await scanner.scan()\nvuln_module/scanner/base.py:81: in scan\n    async for result in self._scan_target():\n_ _ _ _ _ _ _ _ _ _ _ _ _ _ _ _ _ _ _ _ _ _ _ _ _ _ _ _ _ _ _ _ _ _ _ _ _ _ _ _ \n\n    async def error_scan() -&amp;gt; AsyncGenerator[VulnResult, None]:\n        if False:  # Never yield anything\n            yield\n&amp;gt;       raise Exception(&amp;quot;Test error&amp;quot;)\nE       Exception: Test error\n\ntests/vuln_module/test_vuln_manager.py:125: Exception\n\n------------------------------ Captured log call -------------------------------\nERROR    vuln_module.scanner.base:base.py:92 Scan error: Test error\n\n&#34;}], &#34;tests/vuln_module/test_vuln_manager.py::test_scanner_registration&#34;: [{&#34;extras&#34;: [], &#34;result&#34;: &#34;Passed&#34;, &#34;testId&#34;: &#34;tests/vuln_module/test_vuln_manager.py::test_scanner_registration&#34;, &#34;duration&#34;: &#34;1 ms&#34;, &#34;resultsTableRow&#34;: [&#34;&lt;td class=\&#34;col-result\&#34;&gt;Passed&lt;/td&gt;&#34;, &#34;&lt;td class=\&#34;col-testId\&#34;&gt;tests/vuln_module/test_vuln_manager.py::test_scanner_registration&lt;/td&gt;&#34;, &#34;&lt;td class=\&#34;col-duration\&#34;&gt;1 ms&lt;/td&gt;&#34;, &#34;&lt;td class=\&#34;col-links\&#34;&gt;&lt;/td&gt;&#34;], &#34;log&#34;: &#34;No log output captured.&#34;}], &#34;tests/vuln_module/test_vuln_manager.py::test_payload_testing&#34;: [{&#34;extras&#34;: [], &#34;result&#34;: &#34;Passed&#34;, &#34;testId&#34;: &#34;tests/vuln_module/test_vuln_manager.py::test_payload_testing&#34;, &#34;duration&#34;: &#34;2 ms&#34;, &#34;resultsTableRow&#34;: [&#34;&lt;td class=\&#34;col-result\&#34;&gt;Passed&lt;/td&gt;&#34;, &#34;&lt;td class=\&#34;col-testId\&#34;&gt;tests/vuln_module/test_vuln_manager.py::test_payload_testing&lt;/td&gt;&#34;, &#34;&lt;td class=\&#34;col-duration\&#34;&gt;2 ms&lt;/td&gt;&#34;, &#34;&lt;td class=\&#34;col-links\&#34;&gt;&lt;/td&gt;&#34;], &#34;log&#34;: &#34;No log output captured.&#34;}], &#34;tests/vuln_module/test_vuln_manager.py::test_scan_status_tracking&#34;: [{&#34;extras&#34;: [], &#34;result&#34;: &#34;Passed&#34;, &#34;testId&#34;: &#34;tests/vuln_module/test_vuln_manager.py::test_scan_status_tracking&#34;, &#34;duration&#34;: &#34;1 ms&#34;, &#34;resultsTableRow&#34;: [&#34;&lt;td class=\&#34;col-result\&#34;&gt;Passed&lt;/td&gt;&#34;, &#34;&lt;td class=\&#34;col-testId\&#34;&gt;tests/vuln_module/test_vuln_manager.py::test_scan_status_tracking&lt;/td&gt;&#34;, &#34;&lt;td class=\&#34;col-duration\&#34;&gt;1 ms&lt;/td&gt;&#34;, &#34;&lt;td class=\&#34;col-links\&#34;&gt;&lt;/td&gt;&#34;], &#34;log&#34;: &#34;No log output captured.&#34;}], &#34;tests/vuln_module/test_vuln_manager.py::test_supported_scanners&#34;: [{&#34;extras&#34;: [], &#34;result&#34;: &#34;Passed&#34;, &#34;testId&#34;: &#34;tests/vuln_module/test_vuln_manager.py::test_supported_scanners&#34;, &#34;duration&#34;: &#34;1 ms&#34;, &#34;resultsTableRow&#34;: [&#34;&lt;td class=\&#34;col-result\&#34;&gt;Passed&lt;/td&gt;&#34;, &#34;&lt;td class=\&#34;col-testId\&#34;&gt;tests/vuln_module/test_vuln_manager.py::test_supported_scanners&lt;/td&gt;&#34;, &#34;&lt;td class=\&#34;col-duration\&#34;&gt;1 ms&lt;/td&gt;&#34;, &#34;&lt;td class=\&#34;col-links\&#34;&gt;&lt;/td&gt;&#34;], &#34;log&#34;: &#34;No log output captured.&#34;}], &#34;tests/vuln_module/test_vuln_manager.py::test_concurrent_scans&#34;: [{&#34;extras&#34;: [], &#34;result&#34;: &#34;Passed&#34;, &#34;testId&#34;: &#34;tests/vuln_module/test_vuln_manager.py::test_concurrent_scans&#34;, &#34;duration&#34;: &#34;2 ms&#34;, &#34;resultsTableRow&#34;: [&#34;&lt;td class=\&#34;col-result\&#34;&gt;Passed&lt;/td&gt;&#34;, &#34;&lt;td class=\&#34;col-testId\&#34;&gt;tests/vuln_module/test_vuln_manager.py::test_concurrent_scans&lt;/td&gt;&#34;, &#34;&lt;td class=\&#34;col-duration\&#34;&gt;2 ms&lt;/td&gt;&#34;, &#34;&lt;td class=\&#34;col-links\&#34;&gt;&lt;/td&gt;&#34;], &#34;log&#34;: &#34;No log output captured.&#34;}], &#34;tests/vuln_module/test_vuln_manager.py::test_scan_config_validation&#34;: [{&#34;extras&#34;: [], &#34;result&#34;: &#34;Failed&#34;, &#34;testId&#34;: &#34;tests/vuln_module/test_vuln_manager.py::test_scan_config_validation&#34;, &#34;duration&#34;: &#34;2 ms&#34;, &#34;resultsTableRow&#34;: [&#34;&lt;td class=\&#34;col-result\&#34;&gt;Failed&lt;/td&gt;&#34;, &#34;&lt;td class=\&#34;col-testId\&#34;&gt;tests/vuln_module/test_vuln_manager.py::test_scan_config_validation&lt;/td&gt;&#34;, &#34;&lt;td class=\&#34;col-duration\&#34;&gt;2 ms&lt;/td&gt;&#34;, &#34;&lt;td class=\&#34;col-links\&#34;&gt;&lt;/td&gt;&#34;], &#34;log&#34;: &#34;vuln_manager = &amp;lt;vuln_module.vuln_manager.VulnManager object at 0x76a3c58a3160&amp;gt;\n\n    @pytest.mark.asyncio\n    async def test_scan_config_validation(vuln_manager):\n        &amp;quot;&amp;quot;&amp;quot;Test scan configuration validation.&amp;quot;&amp;quot;&amp;quot;\n        # Test with invalid scanner type\n        with pytest.raises(ValueError):\n            await vuln_manager.scan_target(\n                target=&amp;quot;http://example.com&amp;quot;,\n                scanner_type=&amp;quot;invalid_scanner&amp;quot;\n            )\n    \n        # Test with invalid configuration\n        bad_config = ScanConfig(\n            target=&amp;quot;&amp;quot;,  # Invalid empty target\n            payload_types=set()  # No payload types specified\n        )\n    \n        with pytest.raises(ValueError):\n&amp;gt;           await vuln_manager.scan_target(\n                target=&amp;quot;http://example.com&amp;quot;,\n                scanner_type=&amp;quot;mock&amp;quot;,\n                config=bad_config\n            )\n\ntests/vuln_module/test_vuln_manager.py:241: \n_ _ _ _ _ _ _ _ _ _ _ _ _ _ _ _ _ _ _ _ _ _ _ _ _ _ _ _ _ _ _ _ _ _ _ _ _ _ _ _ \nvuln_module/vuln_manager.py:46: in scan_target\n    scan_config = self._create_scan_config(target, config or {})\n_ _ _ _ _ _ _ _ _ _ _ _ _ _ _ _ _ _ _ _ _ _ _ _ _ _ _ _ _ _ _ _ _ _ _ _ _ _ _ _ \n\nself = &amp;lt;vuln_module.vuln_manager.VulnManager object at 0x76a3c58a3160&amp;gt;\ntarget = &amp;#x27;http://example.com&amp;#x27;\nconfig = ScanConfig(target=&amp;#x27;&amp;#x27;, payload_types=set(), max_depth=3, threads=10, timeout=30, custom_headers={}, cookies={}, proxy=None, verify_ssl=True, follow_redirects=True, scope_constraints={}, rate_limit=None, ai_assistance=True)\n\n    def _create_scan_config(\n        self,\n        target: str,\n        config: Dict[str, Any]\n    ) -&amp;gt; ScanConfig:\n        &amp;quot;&amp;quot;&amp;quot;Create scan configuration from user input.&amp;quot;&amp;quot;&amp;quot;\n        return ScanConfig(\n            target=target,\n            payload_types=set(\n&amp;gt;               PayloadType[p] for p in config.get(\n                    &amp;quot;payload_types&amp;quot;,\n                    [pt.name for pt in PayloadType]\n                )\n            ),\n            max_depth=config.get(&amp;quot;max_depth&amp;quot;, 3),\n            threads=config.get(&amp;quot;threads&amp;quot;, 10),\n            timeout=config.get(&amp;quot;timeout&amp;quot;, 30),\n            custom_headers=config.get(&amp;quot;headers&amp;quot;, {}),\n            cookies=config.get(&amp;quot;cookies&amp;quot;, {}),\n            proxy=config.get(&amp;quot;proxy&amp;quot;),\n            verify_ssl=config.get(&amp;quot;verify_ssl&amp;quot;, True),\n            follow_redirects=config.get(&amp;quot;follow_redirects&amp;quot;, True),\n            scope_constraints=config.get(&amp;quot;scope&amp;quot;, {}),\n            rate_limit=config.get(&amp;quot;rate_limit&amp;quot;),\n            ai_assistance=config.get(&amp;quot;ai_assistance&amp;quot;, True)\n        )\nE       AttributeError: &amp;#x27;ScanConfig&amp;#x27; object has no attribute &amp;#x27;get&amp;#x27;\n\nvuln_module/vuln_manager.py:160: AttributeError\n&#34;}]}, &#34;renderCollapsed&#34;: [&#34;passed&#34;], &#34;initialSort&#34;: &#34;result&#34;, &#34;title&#34;: &#34;report.html&#34;}"></div>
    <script>
      (function(){function r(e,n,t){function o(i,f){if(!n[i]){if(!e[i]){var c="function"==typeof require&&require;if(!f&&c)return c(i,!0);if(u)return u(i,!0);var a=new Error("Cannot find module '"+i+"'");throw a.code="MODULE_NOT_FOUND",a}var p=n[i]={exports:{}};e[i][0].call(p.exports,function(r){var n=e[i][1][r];return o(n||r)},p,p.exports,r,e,n,t)}return n[i].exports}for(var u="function"==typeof require&&require,i=0;i<t.length;i++)o(t[i]);return o}return r})()({1:[function(require,module,exports){
const { getCollapsedCategory, setCollapsedIds } = require('./storage.js')

class DataManager {
    setManager(data) {
        const collapsedCategories = [...getCollapsedCategory(data.renderCollapsed)]
        const collapsedIds = []
        const tests = Object.values(data.tests).flat().map((test, index) => {
            const collapsed = collapsedCategories.includes(test.result.toLowerCase())
            const id = `test_${index}`
            if (collapsed) {
                collapsedIds.push(id)
            }
            return {
                ...test,
                id,
                collapsed,
            }
        })
        const dataBlob = { ...data, tests }
        this.data = { ...dataBlob }
        this.renderData = { ...dataBlob }
        setCollapsedIds(collapsedIds)
    }

    get allData() {
        return { ...this.data }
    }

    resetRender() {
        this.renderData = { ...this.data }
    }

    setRender(data) {
        this.renderData.tests = [...data]
    }

    toggleCollapsedItem(id) {
        this.renderData.tests = this.renderData.tests.map((test) =>
            test.id === id ? { ...test, collapsed: !test.collapsed } : test,
        )
    }

    set allCollapsed(collapsed) {
        this.renderData = { ...this.renderData, tests: [...this.renderData.tests.map((test) => (
            { ...test, collapsed }
        ))] }
    }

    get testSubset() {
        return [...this.renderData.tests]
    }

    get environment() {
        return this.renderData.environment
    }

    get initialSort() {
        return this.data.initialSort
    }
}

module.exports = {
    manager: new DataManager(),
}

},{"./storage.js":8}],2:[function(require,module,exports){
const mediaViewer = require('./mediaviewer.js')
const templateEnvRow = document.getElementById('template_environment_row')
const templateResult = document.getElementById('template_results-table__tbody')

function htmlToElements(html) {
    const temp = document.createElement('template')
    temp.innerHTML = html
    return temp.content.childNodes
}

const find = (selector, elem) => {
    if (!elem) {
        elem = document
    }
    return elem.querySelector(selector)
}

const findAll = (selector, elem) => {
    if (!elem) {
        elem = document
    }
    return [...elem.querySelectorAll(selector)]
}

const dom = {
    getStaticRow: (key, value) => {
        const envRow = templateEnvRow.content.cloneNode(true)
        const isObj = typeof value === 'object' && value !== null
        const values = isObj ? Object.keys(value).map((k) => `${k}: ${value[k]}`) : null

        const valuesElement = htmlToElements(
            values ? `<ul>${values.map((val) => `<li>${val}</li>`).join('')}<ul>` : `<div>${value}</div>`)[0]
        const td = findAll('td', envRow)
        td[0].textContent = key
        td[1].appendChild(valuesElement)

        return envRow
    },
    getResultTBody: ({ testId, id, log, extras, resultsTableRow, tableHtml, result, collapsed }) => {
        const resultBody = templateResult.content.cloneNode(true)
        resultBody.querySelector('tbody').classList.add(result.toLowerCase())
        resultBody.querySelector('tbody').id = testId
        resultBody.querySelector('.collapsible').dataset.id = id

        resultsTableRow.forEach((html) => {
            const t = document.createElement('template')
            t.innerHTML = html
            resultBody.querySelector('.collapsible').appendChild(t.content)
        })

        if (log) {
            // Wrap lines starting with "E" with span.error to color those lines red
            const wrappedLog = log.replace(/^E.*$/gm, (match) => `<span class="error">${match}</span>`)
            resultBody.querySelector('.log').innerHTML = wrappedLog
        } else {
            resultBody.querySelector('.log').remove()
        }

        if (collapsed) {
            resultBody.querySelector('.collapsible > td')?.classList.add('collapsed')
            resultBody.querySelector('.extras-row').classList.add('hidden')
        } else {
            resultBody.querySelector('.collapsible > td')?.classList.remove('collapsed')
        }

        const media = []
        extras?.forEach(({ name, format_type, content }) => {
            if (['image', 'video'].includes(format_type)) {
                media.push({ path: content, name, format_type })
            }

            if (format_type === 'html') {
                resultBody.querySelector('.extraHTML').insertAdjacentHTML('beforeend', `<div>${content}</div>`)
            }
        })
        mediaViewer.setup(resultBody, media)

        // Add custom html from the pytest_html_results_table_html hook
        tableHtml?.forEach((item) => {
            resultBody.querySelector('td[class="extra"]').insertAdjacentHTML('beforeend', item)
        })

        return resultBody
    },
}

module.exports = {
    dom,
    htmlToElements,
    find,
    findAll,
}

},{"./mediaviewer.js":6}],3:[function(require,module,exports){
const { manager } = require('./datamanager.js')
const { doSort } = require('./sort.js')
const storageModule = require('./storage.js')

const getFilteredSubSet = (filter) =>
    manager.allData.tests.filter(({ result }) => filter.includes(result.toLowerCase()))

const doInitFilter = () => {
    const currentFilter = storageModule.getVisible()
    const filteredSubset = getFilteredSubSet(currentFilter)
    manager.setRender(filteredSubset)
}

const doFilter = (type, show) => {
    if (show) {
        storageModule.showCategory(type)
    } else {
        storageModule.hideCategory(type)
    }

    const currentFilter = storageModule.getVisible()
    const filteredSubset = getFilteredSubSet(currentFilter)
    manager.setRender(filteredSubset)

    const sortColumn = storageModule.getSort()
    doSort(sortColumn, true)
}

module.exports = {
    doFilter,
    doInitFilter,
}

},{"./datamanager.js":1,"./sort.js":7,"./storage.js":8}],4:[function(require,module,exports){
const { redraw, bindEvents, renderStatic } = require('./main.js')
const { doInitFilter } = require('./filter.js')
const { doInitSort } = require('./sort.js')
const { manager } = require('./datamanager.js')
const data = JSON.parse(document.getElementById('data-container').dataset.jsonblob)

function init() {
    manager.setManager(data)
    doInitFilter()
    doInitSort()
    renderStatic()
    redraw()
    bindEvents()
}

init()

},{"./datamanager.js":1,"./filter.js":3,"./main.js":5,"./sort.js":7}],5:[function(require,module,exports){
const { dom, find, findAll } = require('./dom.js')
const { manager } = require('./datamanager.js')
const { doSort } = require('./sort.js')
const { doFilter } = require('./filter.js')
const {
    getVisible,
    getCollapsedIds,
    setCollapsedIds,
    getSort,
    getSortDirection,
    possibleFilters,
} = require('./storage.js')

const removeChildren = (node) => {
    while (node.firstChild) {
        node.removeChild(node.firstChild)
    }
}

const renderStatic = () => {
    const renderEnvironmentTable = () => {
        const environment = manager.environment
        const rows = Object.keys(environment).map((key) => dom.getStaticRow(key, environment[key]))
        const table = document.getElementById('environment')
        removeChildren(table)
        rows.forEach((row) => table.appendChild(row))
    }
    renderEnvironmentTable()
}

const addItemToggleListener = (elem) => {
    elem.addEventListener('click', ({ target }) => {
        const id = target.parentElement.dataset.id
        manager.toggleCollapsedItem(id)

        const collapsedIds = getCollapsedIds()
        if (collapsedIds.includes(id)) {
            const updated = collapsedIds.filter((item) => item !== id)
            setCollapsedIds(updated)
        } else {
            collapsedIds.push(id)
            setCollapsedIds(collapsedIds)
        }
        redraw()
    })
}

const renderContent = (tests) => {
    const sortAttr = getSort(manager.initialSort)
    const sortAsc = JSON.parse(getSortDirection())
    const rows = tests.map(dom.getResultTBody)
    const table = document.getElementById('results-table')
    const tableHeader = document.getElementById('results-table-head')

    const newTable = document.createElement('table')
    newTable.id = 'results-table'

    // remove all sorting classes and set the relevant
    findAll('.sortable', tableHeader).forEach((elem) => elem.classList.remove('asc', 'desc'))
    tableHeader.querySelector(`.sortable[data-column-type="${sortAttr}"]`)?.classList.add(sortAsc ? 'desc' : 'asc')
    newTable.appendChild(tableHeader)

    if (!rows.length) {
        const emptyTable = document.getElementById('template_results-table__body--empty').content.cloneNode(true)
        newTable.appendChild(emptyTable)
    } else {
        rows.forEach((row) => {
            if (!!row) {
                findAll('.collapsible td:not(.col-links', row).forEach(addItemToggleListener)
                find('.logexpander', row).addEventListener('click',
                    (evt) => evt.target.parentNode.classList.toggle('expanded'),
                )
                newTable.appendChild(row)
            }
        })
    }

    table.replaceWith(newTable)
}

const renderDerived = () => {
    const currentFilter = getVisible()
    possibleFilters.forEach((result) => {
        const input = document.querySelector(`input[data-test-result="${result}"]`)
        input.checked = currentFilter.includes(result)
    })
}

const bindEvents = () => {
    const filterColumn = (evt) => {
        const { target: element } = evt
        const { testResult } = element.dataset

        doFilter(testResult, element.checked)
        const collapsedIds = getCollapsedIds()
        const updated = manager.renderData.tests.map((test) => {
            return {
                ...test,
                collapsed: collapsedIds.includes(test.id),
            }
        })
        manager.setRender(updated)
        redraw()
    }

    const header = document.getElementById('environment-header')
    header.addEventListener('click', () => {
        const table = document.getElementById('environment')
        table.classList.toggle('hidden')
        header.classList.toggle('collapsed')
    })

    findAll('input[name="filter_checkbox"]').forEach((elem) => {
        elem.addEventListener('click', filterColumn)
    })

    findAll('.sortable').forEach((elem) => {
        elem.addEventListener('click', (evt) => {
            const { target: element } = evt
            const { columnType } = element.dataset
            doSort(columnType)
            redraw()
        })
    })

    document.getElementById('show_all_details').addEventListener('click', () => {
        manager.allCollapsed = false
        setCollapsedIds([])
        redraw()
    })
    document.getElementById('hide_all_details').addEventListener('click', () => {
        manager.allCollapsed = true
        const allIds = manager.renderData.tests.map((test) => test.id)
        setCollapsedIds(allIds)
        redraw()
    })
}

const redraw = () => {
    const { testSubset } = manager

    renderContent(testSubset)
    renderDerived()
}

module.exports = {
    redraw,
    bindEvents,
    renderStatic,
}

},{"./datamanager.js":1,"./dom.js":2,"./filter.js":3,"./sort.js":7,"./storage.js":8}],6:[function(require,module,exports){
class MediaViewer {
    constructor(assets) {
        this.assets = assets
        this.index = 0
    }

    nextActive() {
        this.index = this.index === this.assets.length - 1 ? 0 : this.index + 1
        return [this.activeFile, this.index]
    }

    prevActive() {
        this.index = this.index === 0 ? this.assets.length - 1 : this.index -1
        return [this.activeFile, this.index]
    }

    get currentIndex() {
        return this.index
    }

    get activeFile() {
        return this.assets[this.index]
    }
}


const setup = (resultBody, assets) => {
    if (!assets.length) {
        resultBody.querySelector('.media').classList.add('hidden')
        return
    }

    const mediaViewer = new MediaViewer(assets)
    const container = resultBody.querySelector('.media-container')
    const leftArrow = resultBody.querySelector('.media-container__nav--left')
    const rightArrow = resultBody.querySelector('.media-container__nav--right')
    const mediaName = resultBody.querySelector('.media__name')
    const counter = resultBody.querySelector('.media__counter')
    const imageEl = resultBody.querySelector('img')
    const sourceEl = resultBody.querySelector('source')
    const videoEl = resultBody.querySelector('video')

    const setImg = (media, index) => {
        if (media?.format_type === 'image') {
            imageEl.src = media.path

            imageEl.classList.remove('hidden')
            videoEl.classList.add('hidden')
        } else if (media?.format_type === 'video') {
            sourceEl.src = media.path

            videoEl.classList.remove('hidden')
            imageEl.classList.add('hidden')
        }

        mediaName.innerText = media?.name
        counter.innerText = `${index + 1} / ${assets.length}`
    }
    setImg(mediaViewer.activeFile, mediaViewer.currentIndex)

    const moveLeft = () => {
        const [media, index] = mediaViewer.prevActive()
        setImg(media, index)
    }
    const doRight = () => {
        const [media, index] = mediaViewer.nextActive()
        setImg(media, index)
    }
    const openImg = () => {
        window.open(mediaViewer.activeFile.path, '_blank')
    }
    if (assets.length === 1) {
        container.classList.add('media-container--fullscreen')
    } else {
        leftArrow.addEventListener('click', moveLeft)
        rightArrow.addEventListener('click', doRight)
    }
    imageEl.addEventListener('click', openImg)
}

module.exports = {
    setup,
}

},{}],7:[function(require,module,exports){
const { manager } = require('./datamanager.js')
const storageModule = require('./storage.js')

const genericSort = (list, key, ascending, customOrder) => {
    let sorted
    if (customOrder) {
        sorted = list.sort((a, b) => {
            const aValue = a.result.toLowerCase()
            const bValue = b.result.toLowerCase()

            const aIndex = customOrder.findIndex((item) => item.toLowerCase() === aValue)
            const bIndex = customOrder.findIndex((item) => item.toLowerCase() === bValue)

            // Compare the indices to determine the sort order
            return aIndex - bIndex
        })
    } else {
        sorted = list.sort((a, b) => a[key] === b[key] ? 0 : a[key] > b[key] ? 1 : -1)
    }

    if (ascending) {
        sorted.reverse()
    }
    return sorted
}

const durationSort = (list, ascending) => {
    const parseDuration = (duration) => {
        if (duration.includes(':')) {
            // If it's in the format "HH:mm:ss"
            const [hours, minutes, seconds] = duration.split(':').map(Number)
            return (hours * 3600 + minutes * 60 + seconds) * 1000
        } else {
            // If it's in the format "nnn ms"
            return parseInt(duration)
        }
    }
    const sorted = list.sort((a, b) => parseDuration(a['duration']) - parseDuration(b['duration']))
    if (ascending) {
        sorted.reverse()
    }
    return sorted
}

const doInitSort = () => {
    const type = storageModule.getSort(manager.initialSort)
    const ascending = storageModule.getSortDirection()
    const list = manager.testSubset
    const initialOrder = ['Error', 'Failed', 'Rerun', 'XFailed', 'XPassed', 'Skipped', 'Passed']

    storageModule.setSort(type)
    storageModule.setSortDirection(ascending)

    if (type?.toLowerCase() === 'original') {
        manager.setRender(list)
    } else {
        let sortedList
        switch (type) {
        case 'duration':
            sortedList = durationSort(list, ascending)
            break
        case 'result':
            sortedList = genericSort(list, type, ascending, initialOrder)
            break
        default:
            sortedList = genericSort(list, type, ascending)
            break
        }
        manager.setRender(sortedList)
    }
}

const doSort = (type, skipDirection) => {
    const newSortType = storageModule.getSort(manager.initialSort) !== type
    const currentAsc = storageModule.getSortDirection()
    let ascending
    if (skipDirection) {
        ascending = currentAsc
    } else {
        ascending = newSortType ? false : !currentAsc
    }
    storageModule.setSort(type)
    storageModule.setSortDirection(ascending)

    const list = manager.testSubset
    const sortedList = type === 'duration' ? durationSort(list, ascending) : genericSort(list, type, ascending)
    manager.setRender(sortedList)
}

module.exports = {
    doInitSort,
    doSort,
}

},{"./datamanager.js":1,"./storage.js":8}],8:[function(require,module,exports){
const possibleFilters = [
    'passed',
    'skipped',
    'failed',
    'error',
    'xfailed',
    'xpassed',
    'rerun',
]

const getVisible = () => {
    const url = new URL(window.location.href)
    const settings = new URLSearchParams(url.search).get('visible')
    const lower = (item) => {
        const lowerItem = item.toLowerCase()
        if (possibleFilters.includes(lowerItem)) {
            return lowerItem
        }
        return null
    }
    return settings === null ?
        possibleFilters :
        [...new Set(settings?.split(',').map(lower).filter((item) => item))]
}

const hideCategory = (categoryToHide) => {
    const url = new URL(window.location.href)
    const visibleParams = new URLSearchParams(url.search).get('visible')
    const currentVisible = visibleParams ? visibleParams.split(',') : [...possibleFilters]
    const settings = [...new Set(currentVisible)].filter((f) => f !== categoryToHide).join(',')

    url.searchParams.set('visible', settings)
    window.history.pushState({}, null, unescape(url.href))
}

const showCategory = (categoryToShow) => {
    if (typeof window === 'undefined') {
        return
    }
    const url = new URL(window.location.href)
    const currentVisible = new URLSearchParams(url.search).get('visible')?.split(',').filter(Boolean) ||
        [...possibleFilters]
    const settings = [...new Set([categoryToShow, ...currentVisible])]
    const noFilter = possibleFilters.length === settings.length || !settings.length

    noFilter ? url.searchParams.delete('visible') : url.searchParams.set('visible', settings.join(','))
    window.history.pushState({}, null, unescape(url.href))
}

const getSort = (initialSort) => {
    const url = new URL(window.location.href)
    let sort = new URLSearchParams(url.search).get('sort')
    if (!sort) {
        sort = initialSort || 'result'
    }
    return sort
}

const setSort = (type) => {
    const url = new URL(window.location.href)
    url.searchParams.set('sort', type)
    window.history.pushState({}, null, unescape(url.href))
}

const getCollapsedCategory = (renderCollapsed) => {
    let categories
    if (typeof window !== 'undefined') {
        const url = new URL(window.location.href)
        const collapsedItems = new URLSearchParams(url.search).get('collapsed')
        switch (true) {
        case !renderCollapsed && collapsedItems === null:
            categories = ['passed']
            break
        case collapsedItems?.length === 0 || /^["']{2}$/.test(collapsedItems):
            categories = []
            break
        case /^all$/.test(collapsedItems) || collapsedItems === null && /^all$/.test(renderCollapsed):
            categories = [...possibleFilters]
            break
        default:
            categories = collapsedItems?.split(',').map((item) => item.toLowerCase()) || renderCollapsed
            break
        }
    } else {
        categories = []
    }
    return categories
}

const getSortDirection = () => JSON.parse(sessionStorage.getItem('sortAsc')) || false
const setSortDirection = (ascending) => sessionStorage.setItem('sortAsc', ascending)

const getCollapsedIds = () => JSON.parse(sessionStorage.getItem('collapsedIds')) || []
const setCollapsedIds = (list) => sessionStorage.setItem('collapsedIds', JSON.stringify(list))

module.exports = {
    getVisible,
    hideCategory,
    showCategory,
    getCollapsedIds,
    setCollapsedIds,
    getSort,
    setSort,
    getSortDirection,
    setSortDirection,
    getCollapsedCategory,
    possibleFilters,
}

},{}]},{},[4]);
    </script>
  </footer>
</html>